DEBUG:root:Cluster name : global.mapr.com
DEBUG:root:creating stream /mapr/global.mapr.com/countries/UK/streams/London
DEBUG:root:stream created
DEBUG:root:creating producer for /mapr/global.mapr.com/countries/UK/streams/London
DEBUG:root:Models loaded:
DEBUG:root:['Citroen C3', 'Citroen C4', 'Citroen C5', 'DS 3', 'DS 4', 'DS 5', 'Peugeot 208', 'Peugeot 308', 'Peugeot 508', 'Renault Twingo', 'Renault Megane', 'Renault Kadjar', 'VW Polo', 'VW Golf', 'VW Passat', 'Ford Fiesta', 'Ford Focus', 'Ford Mondeo', 'Mercedes Classe A', 'Mercedes Classe B', 'Mercedes Classe C', 'BMW Serie 3', 'BMW Serie 5', 'BMW Serie 7']
DEBUG:root:Models loaded:
DEBUG:root:['Citroen C3', 'Citroen C4', 'Citroen C5', 'DS 3', 'DS 4', 'DS 5', 'Peugeot 208', 'Peugeot 308', 'Peugeot 508', 'Renault Twingo', 'Renault Megane', 'Renault Kadjar', 'VW Polo', 'VW Golf', 'VW Passat', 'Ford Fiesta', 'Ford Focus', 'Ford Mondeo', 'Mercedes Classe A', 'Mercedes Classe B', 'Mercedes Classe C', 'BMW Serie 3', 'BMW Serie 5', 'BMW Serie 7']
DEBUG:root:Injecting ...
DEBUG:root:580 cars injected
DEBUG:root:Models loaded:
DEBUG:root:['Citroen C3', 'Citroen C4', 'Citroen C5', 'DS 3', 'DS 4', 'DS 5', 'Peugeot 208', 'Peugeot 308', 'Peugeot 508', 'Renault Twingo', 'Renault Megane', 'Renault Kadjar', 'VW Polo', 'VW Golf', 'VW Passat', 'Ford Fiesta', 'Ford Focus', 'Ford Mondeo', 'Mercedes Classe A', 'Mercedes Classe B', 'Mercedes Classe C', 'BMW Serie 3', 'BMW Serie 5', 'BMW Serie 7']
DEBUG:root:Models loaded:
DEBUG:root:['Citroen C3', 'Citroen C4', 'Citroen C5', 'DS 3', 'DS 4', 'DS 5', 'Peugeot 208', 'Peugeot 308', 'Peugeot 508', 'Renault Twingo', 'Renault Megane', 'Renault Kadjar', 'VW Polo', 'VW Golf', 'VW Passat', 'Ford Fiesta', 'Ford Focus', 'Ford Mondeo', 'Mercedes Classe A', 'Mercedes Classe B', 'Mercedes Classe C', 'BMW Serie 3', 'BMW Serie 5', 'BMW Serie 7']
DEBUG:root:1160 cars injected
DEBUG:root:Models loaded:
DEBUG:root:['Citroen C3', 'Citroen C4', 'Citroen C5', 'DS 3', 'DS 4', 'DS 5', 'Peugeot 208', 'Peugeot 308', 'Peugeot 508', 'Renault Twingo', 'Renault Megane', 'Renault Kadjar', 'VW Polo', 'VW Golf', 'VW Passat', 'Ford Fiesta', 'Ford Focus', 'Ford Mondeo', 'Mercedes Classe A', 'Mercedes Classe B', 'Mercedes Classe C', 'BMW Serie 3', 'BMW Serie 5', 'BMW Serie 7']
DEBUG:root:Models loaded:
DEBUG:root:['Citroen C3', 'Citroen C4', 'Citroen C5', 'DS 3', 'DS 4', 'DS 5', 'Peugeot 208', 'Peugeot 308', 'Peugeot 508', 'Renault Twingo', 'Renault Megane', 'Renault Kadjar', 'VW Polo', 'VW Golf', 'VW Passat', 'Ford Fiesta', 'Ford Focus', 'Ford Mondeo', 'Mercedes Classe A', 'Mercedes Classe B', 'Mercedes Classe C', 'BMW Serie 3', 'BMW Serie 5', 'BMW Serie 7']
DEBUG:root:1740 cars injected
DEBUG:root:Models loaded:
DEBUG:root:['Citroen C3', 'Citroen C4', 'Citroen C5', 'DS 3', 'DS 4', 'DS 5', 'Peugeot 208', 'Peugeot 308', 'Peugeot 508', 'Renault Twingo', 'Renault Megane', 'Renault Kadjar', 'VW Polo', 'VW Golf', 'VW Passat', 'Ford Fiesta', 'Ford Focus', 'Ford Mondeo', 'Mercedes Classe A', 'Mercedes Classe B', 'Mercedes Classe C', 'BMW Serie 3', 'BMW Serie 5', 'BMW Serie 7']
DEBUG:root:Models loaded:
DEBUG:root:['Citroen C3', 'Citroen C4', 'Citroen C5', 'DS 3', 'DS 4', 'DS 5', 'Peugeot 208', 'Peugeot 308', 'Peugeot 508', 'Renault Twingo', 'Renault Megane', 'Renault Kadjar', 'VW Polo', 'VW Golf', 'VW Passat', 'Ford Fiesta', 'Ford Focus', 'Ford Mondeo', 'Mercedes Classe A', 'Mercedes Classe B', 'Mercedes Classe C', 'BMW Serie 3', 'BMW Serie 5', 'BMW Serie 7']
DEBUG:root:2320 cars injected
DEBUG:root:Models loaded:
DEBUG:root:['Citroen C3', 'Citroen C4', 'Citroen C5', 'DS 3', 'DS 4', 'DS 5', 'Peugeot 208', 'Peugeot 308', 'Peugeot 508', 'Renault Twingo', 'Renault Megane', 'Renault Kadjar', 'VW Polo', 'VW Golf', 'VW Passat', 'Ford Fiesta', 'Ford Focus', 'Ford Mondeo', 'Mercedes Classe A', 'Mercedes Classe B', 'Mercedes Classe C', 'BMW Serie 3', 'BMW Serie 5', 'BMW Serie 7']
DEBUG:root:Models loaded:
DEBUG:root:['Citroen C3', 'Citroen C4', 'Citroen C5', 'DS 3', 'DS 4', 'DS 5', 'Peugeot 208', 'Peugeot 308', 'Peugeot 508', 'Renault Twingo', 'Renault Megane', 'Renault Kadjar', 'VW Polo', 'VW Golf', 'VW Passat', 'Ford Fiesta', 'Ford Focus', 'Ford Mondeo', 'Mercedes Classe A', 'Mercedes Classe B', 'Mercedes Classe C', 'BMW Serie 3', 'BMW Serie 5', 'BMW Serie 7']
DEBUG:root:2900 cars injected
DEBUG:root:Models loaded:
DEBUG:root:['Citroen C3', 'Citroen C4', 'Citroen C5', 'DS 3', 'DS 4', 'DS 5', 'Peugeot 208', 'Peugeot 308', 'Peugeot 508', 'Renault Twingo', 'Renault Megane', 'Renault Kadjar', 'VW Polo', 'VW Golf', 'VW Passat', 'Ford Fiesta', 'Ford Focus', 'Ford Mondeo', 'Mercedes Classe A', 'Mercedes Classe B', 'Mercedes Classe C', 'BMW Serie 3', 'BMW Serie 5', 'BMW Serie 7']
DEBUG:root:Models loaded:
DEBUG:root:['Citroen C3', 'Citroen C4', 'Citroen C5', 'DS 3', 'DS 4', 'DS 5', 'Peugeot 208', 'Peugeot 308', 'Peugeot 508', 'Renault Twingo', 'Renault Megane', 'Renault Kadjar', 'VW Polo', 'VW Golf', 'VW Passat', 'Ford Fiesta', 'Ford Focus', 'Ford Mondeo', 'Mercedes Classe A', 'Mercedes Classe B', 'Mercedes Classe C', 'BMW Serie 3', 'BMW Serie 5', 'BMW Serie 7']
DEBUG:root:3480 cars injected
DEBUG:root:Models loaded:
DEBUG:root:['Citroen C3', 'Citroen C4', 'Citroen C5', 'DS 3', 'DS 4', 'DS 5', 'Peugeot 208', 'Peugeot 308', 'Peugeot 508', 'Renault Twingo', 'Renault Megane', 'Renault Kadjar', 'VW Polo', 'VW Golf', 'VW Passat', 'Ford Fiesta', 'Ford Focus', 'Ford Mondeo', 'Mercedes Classe A', 'Mercedes Classe B', 'Mercedes Classe C', 'BMW Serie 3', 'BMW Serie 5', 'BMW Serie 7']
DEBUG:root:Models loaded:
DEBUG:root:['Citroen C3', 'Citroen C4', 'Citroen C5', 'DS 3', 'DS 4', 'DS 5', 'Peugeot 208', 'Peugeot 308', 'Peugeot 508', 'Renault Twingo', 'Renault Megane', 'Renault Kadjar', 'VW Polo', 'VW Golf', 'VW Passat', 'Ford Fiesta', 'Ford Focus', 'Ford Mondeo', 'Mercedes Classe A', 'Mercedes Classe B', 'Mercedes Classe C', 'BMW Serie 3', 'BMW Serie 5', 'BMW Serie 7']
DEBUG:root:4060 cars injected
DEBUG:root:Models loaded:
DEBUG:root:['Citroen C3', 'Citroen C4', 'Citroen C5', 'DS 3', 'DS 4', 'DS 5', 'Peugeot 208', 'Peugeot 308', 'Peugeot 508', 'Renault Twingo', 'Renault Megane', 'Renault Kadjar', 'VW Polo', 'VW Golf', 'VW Passat', 'Ford Fiesta', 'Ford Focus', 'Ford Mondeo', 'Mercedes Classe A', 'Mercedes Classe B', 'Mercedes Classe C', 'BMW Serie 3', 'BMW Serie 5', 'BMW Serie 7']
DEBUG:root:Models loaded:
DEBUG:root:['Citroen C3', 'Citroen C4', 'Citroen C5', 'DS 3', 'DS 4', 'DS 5', 'Peugeot 208', 'Peugeot 308', 'Peugeot 508', 'Renault Twingo', 'Renault Megane', 'Renault Kadjar', 'VW Polo', 'VW Golf', 'VW Passat', 'Ford Fiesta', 'Ford Focus', 'Ford Mondeo', 'Mercedes Classe A', 'Mercedes Classe B', 'Mercedes Classe C', 'BMW Serie 3', 'BMW Serie 5', 'BMW Serie 7']
DEBUG:root:4640 cars injected
DEBUG:root:Models loaded:
DEBUG:root:['Citroen C3', 'Citroen C4', 'Citroen C5', 'DS 3', 'DS 4', 'DS 5', 'Peugeot 208', 'Peugeot 308', 'Peugeot 508', 'Renault Twingo', 'Renault Megane', 'Renault Kadjar', 'VW Polo', 'VW Golf', 'VW Passat', 'Ford Fiesta', 'Ford Focus', 'Ford Mondeo', 'Mercedes Classe A', 'Mercedes Classe B', 'Mercedes Classe C', 'BMW Serie 3', 'BMW Serie 5', 'BMW Serie 7']
DEBUG:root:Models loaded:
DEBUG:root:['Citroen C3', 'Citroen C4', 'Citroen C5', 'DS 3', 'DS 4', 'DS 5', 'Peugeot 208', 'Peugeot 308', 'Peugeot 508', 'Renault Twingo', 'Renault Megane', 'Renault Kadjar', 'VW Polo', 'VW Golf', 'VW Passat', 'Ford Fiesta', 'Ford Focus', 'Ford Mondeo', 'Mercedes Classe A', 'Mercedes Classe B', 'Mercedes Classe C', 'BMW Serie 3', 'BMW Serie 5', 'BMW Serie 7']
DEBUG:root:5220 cars injected
DEBUG:root:Models loaded:
DEBUG:root:['Citroen C3', 'Citroen C4', 'Citroen C5', 'DS 3', 'DS 4', 'DS 5', 'Peugeot 208', 'Peugeot 308', 'Peugeot 508', 'Renault Twingo', 'Renault Megane', 'Renault Kadjar', 'VW Polo', 'VW Golf', 'VW Passat', 'Ford Fiesta', 'Ford Focus', 'Ford Mondeo', 'Mercedes Classe A', 'Mercedes Classe B', 'Mercedes Classe C', 'BMW Serie 3', 'BMW Serie 5', 'BMW Serie 7']
DEBUG:root:Models loaded:
DEBUG:root:['Citroen C3', 'Citroen C4', 'Citroen C5', 'DS 3', 'DS 4', 'DS 5', 'Peugeot 208', 'Peugeot 308', 'Peugeot 508', 'Renault Twingo', 'Renault Megane', 'Renault Kadjar', 'VW Polo', 'VW Golf', 'VW Passat', 'Ford Fiesta', 'Ford Focus', 'Ford Mondeo', 'Mercedes Classe A', 'Mercedes Classe B', 'Mercedes Classe C', 'BMW Serie 3', 'BMW Serie 5', 'BMW Serie 7']
DEBUG:root:5800 cars injected
DEBUG:root:Models loaded:
DEBUG:root:['Citroen C3', 'Citroen C4', 'Citroen C5', 'DS 3', 'DS 4', 'DS 5', 'Peugeot 208', 'Peugeot 308', 'Peugeot 508', 'Renault Twingo', 'Renault Megane', 'Renault Kadjar', 'VW Polo', 'VW Golf', 'VW Passat', 'Ford Fiesta', 'Ford Focus', 'Ford Mondeo', 'Mercedes Classe A', 'Mercedes Classe B', 'Mercedes Classe C', 'BMW Serie 3', 'BMW Serie 5', 'BMW Serie 7']
DEBUG:root:Models loaded:
DEBUG:root:['Citroen C3', 'Citroen C4', 'Citroen C5', 'DS 3', 'DS 4', 'DS 5', 'Peugeot 208', 'Peugeot 308', 'Peugeot 508', 'Renault Twingo', 'Renault Megane', 'Renault Kadjar', 'VW Polo', 'VW Golf', 'VW Passat', 'Ford Fiesta', 'Ford Focus', 'Ford Mondeo', 'Mercedes Classe A', 'Mercedes Classe B', 'Mercedes Classe C', 'BMW Serie 3', 'BMW Serie 5', 'BMW Serie 7']
DEBUG:root:6380 cars injected
DEBUG:root:Models loaded:
DEBUG:root:['Citroen C3', 'Citroen C4', 'Citroen C5', 'DS 3', 'DS 4', 'DS 5', 'Peugeot 208', 'Peugeot 308', 'Peugeot 508', 'Renault Twingo', 'Renault Megane', 'Renault Kadjar', 'VW Polo', 'VW Golf', 'VW Passat', 'Ford Fiesta', 'Ford Focus', 'Ford Mondeo', 'Mercedes Classe A', 'Mercedes Classe B', 'Mercedes Classe C', 'BMW Serie 3', 'BMW Serie 5', 'BMW Serie 7']
DEBUG:root:Models loaded:
DEBUG:root:['Citroen C3', 'Citroen C4', 'Citroen C5', 'DS 3', 'DS 4', 'DS 5', 'Peugeot 208', 'Peugeot 308', 'Peugeot 508', 'Renault Twingo', 'Renault Megane', 'Renault Kadjar', 'VW Polo', 'VW Golf', 'VW Passat', 'Ford Fiesta', 'Ford Focus', 'Ford Mondeo', 'Mercedes Classe A', 'Mercedes Classe B', 'Mercedes Classe C', 'BMW Serie 3', 'BMW Serie 5', 'BMW Serie 7']
DEBUG:root:6960 cars injected
DEBUG:root:Models loaded:
DEBUG:root:['Citroen C3', 'Citroen C4', 'Citroen C5', 'DS 3', 'DS 4', 'DS 5', 'Peugeot 208', 'Peugeot 308', 'Peugeot 508', 'Renault Twingo', 'Renault Megane', 'Renault Kadjar', 'VW Polo', 'VW Golf', 'VW Passat', 'Ford Fiesta', 'Ford Focus', 'Ford Mondeo', 'Mercedes Classe A', 'Mercedes Classe B', 'Mercedes Classe C', 'BMW Serie 3', 'BMW Serie 5', 'BMW Serie 7']
DEBUG:root:Models loaded:
DEBUG:root:['Citroen C3', 'Citroen C4', 'Citroen C5', 'DS 3', 'DS 4', 'DS 5', 'Peugeot 208', 'Peugeot 308', 'Peugeot 508', 'Renault Twingo', 'Renault Megane', 'Renault Kadjar', 'VW Polo', 'VW Golf', 'VW Passat', 'Ford Fiesta', 'Ford Focus', 'Ford Mondeo', 'Mercedes Classe A', 'Mercedes Classe B', 'Mercedes Classe C', 'BMW Serie 3', 'BMW Serie 5', 'BMW Serie 7']
DEBUG:root:7540 cars injected
DEBUG:root:Models loaded:
DEBUG:root:['Citroen C3', 'Citroen C4', 'Citroen C5', 'DS 3', 'DS 4', 'DS 5', 'Peugeot 208', 'Peugeot 308', 'Peugeot 508', 'Renault Twingo', 'Renault Megane', 'Renault Kadjar', 'VW Polo', 'VW Golf', 'VW Passat', 'Ford Fiesta', 'Ford Focus', 'Ford Mondeo', 'Mercedes Classe A', 'Mercedes Classe B', 'Mercedes Classe C', 'BMW Serie 3', 'BMW Serie 5', 'BMW Serie 7']
DEBUG:root:Models loaded:
DEBUG:root:['Citroen C3', 'Citroen C4', 'Citroen C5', 'DS 3', 'DS 4', 'DS 5', 'Peugeot 208', 'Peugeot 308', 'Peugeot 508', 'Renault Twingo', 'Renault Megane', 'Renault Kadjar', 'VW Polo', 'VW Golf', 'VW Passat', 'Ford Fiesta', 'Ford Focus', 'Ford Mondeo', 'Mercedes Classe A', 'Mercedes Classe B', 'Mercedes Classe C', 'BMW Serie 3', 'BMW Serie 5', 'BMW Serie 7']
DEBUG:root:8120 cars injected
DEBUG:root:Models loaded:
DEBUG:root:['Citroen C3', 'Citroen C4', 'Citroen C5', 'DS 3', 'DS 4', 'DS 5', 'Peugeot 208', 'Peugeot 308', 'Peugeot 508', 'Renault Twingo', 'Renault Megane', 'Renault Kadjar', 'VW Polo', 'VW Golf', 'VW Passat', 'Ford Fiesta', 'Ford Focus', 'Ford Mondeo', 'Mercedes Classe A', 'Mercedes Classe B', 'Mercedes Classe C', 'BMW Serie 3', 'BMW Serie 5', 'BMW Serie 7']
DEBUG:root:Models loaded:
DEBUG:root:['Citroen C3', 'Citroen C4', 'Citroen C5', 'DS 3', 'DS 4', 'DS 5', 'Peugeot 208', 'Peugeot 308', 'Peugeot 508', 'Renault Twingo', 'Renault Megane', 'Renault Kadjar', 'VW Polo', 'VW Golf', 'VW Passat', 'Ford Fiesta', 'Ford Focus', 'Ford Mondeo', 'Mercedes Classe A', 'Mercedes Classe B', 'Mercedes Classe C', 'BMW Serie 3', 'BMW Serie 5', 'BMW Serie 7']
DEBUG:root:8700 cars injected
DEBUG:root:Models loaded:
DEBUG:root:['Citroen C3', 'Citroen C4', 'Citroen C5', 'DS 3', 'DS 4', 'DS 5', 'Peugeot 208', 'Peugeot 308', 'Peugeot 508', 'Renault Twingo', 'Renault Megane', 'Renault Kadjar', 'VW Polo', 'VW Golf', 'VW Passat', 'Ford Fiesta', 'Ford Focus', 'Ford Mondeo', 'Mercedes Classe A', 'Mercedes Classe B', 'Mercedes Classe C', 'BMW Serie 3', 'BMW Serie 5', 'BMW Serie 7']
DEBUG:root:Models loaded:
DEBUG:root:['Citroen C3', 'Citroen C4', 'Citroen C5', 'DS 3', 'DS 4', 'DS 5', 'Peugeot 208', 'Peugeot 308', 'Peugeot 508', 'Renault Twingo', 'Renault Megane', 'Renault Kadjar', 'VW Polo', 'VW Golf', 'VW Passat', 'Ford Fiesta', 'Ford Focus', 'Ford Mondeo', 'Mercedes Classe A', 'Mercedes Classe B', 'Mercedes Classe C', 'BMW Serie 3', 'BMW Serie 5', 'BMW Serie 7']
DEBUG:root:9280 cars injected
DEBUG:root:Models loaded:
DEBUG:root:['Citroen C3', 'Citroen C4', 'Citroen C5', 'DS 3', 'DS 4', 'DS 5', 'Peugeot 208', 'Peugeot 308', 'Peugeot 508', 'Renault Twingo', 'Renault Megane', 'Renault Kadjar', 'VW Polo', 'VW Golf', 'VW Passat', 'Ford Fiesta', 'Ford Focus', 'Ford Mondeo', 'Mercedes Classe A', 'Mercedes Classe B', 'Mercedes Classe C', 'BMW Serie 3', 'BMW Serie 5', 'BMW Serie 7']
DEBUG:root:Models loaded:
DEBUG:root:['Citroen C3', 'Citroen C4', 'Citroen C5', 'DS 3', 'DS 4', 'DS 5', 'Peugeot 208', 'Peugeot 308', 'Peugeot 508', 'Renault Twingo', 'Renault Megane', 'Renault Kadjar', 'VW Polo', 'VW Golf', 'VW Passat', 'Ford Fiesta', 'Ford Focus', 'Ford Mondeo', 'Mercedes Classe A', 'Mercedes Classe B', 'Mercedes Classe C', 'BMW Serie 3', 'BMW Serie 5', 'BMW Serie 7']
DEBUG:root:9860 cars injected
DEBUG:root:Models loaded:
DEBUG:root:['Citroen C3', 'Citroen C4', 'Citroen C5', 'DS 3', 'DS 4', 'DS 5', 'Peugeot 208', 'Peugeot 308', 'Peugeot 508', 'Renault Twingo', 'Renault Megane', 'Renault Kadjar', 'VW Polo', 'VW Golf', 'VW Passat', 'Ford Fiesta', 'Ford Focus', 'Ford Mondeo', 'Mercedes Classe A', 'Mercedes Classe B', 'Mercedes Classe C', 'BMW Serie 3', 'BMW Serie 5', 'BMW Serie 7']
DEBUG:root:Models loaded:
DEBUG:root:['Citroen C3', 'Citroen C4', 'Citroen C5', 'DS 3', 'DS 4', 'DS 5', 'Peugeot 208', 'Peugeot 308', 'Peugeot 508', 'Renault Twingo', 'Renault Megane', 'Renault Kadjar', 'VW Polo', 'VW Golf', 'VW Passat', 'Ford Fiesta', 'Ford Focus', 'Ford Mondeo', 'Mercedes Classe A', 'Mercedes Classe B', 'Mercedes Classe C', 'BMW Serie 3', 'BMW Serie 5', 'BMW Serie 7']
DEBUG:root:10440 cars injected
DEBUG:root:Models loaded:
DEBUG:root:['Citroen C3', 'Citroen C4', 'Citroen C5', 'DS 3', 'DS 4', 'DS 5', 'Peugeot 208', 'Peugeot 308', 'Peugeot 508', 'Renault Twingo', 'Renault Megane', 'Renault Kadjar', 'VW Polo', 'VW Golf', 'VW Passat', 'Ford Fiesta', 'Ford Focus', 'Ford Mondeo', 'Mercedes Classe A', 'Mercedes Classe B', 'Mercedes Classe C', 'BMW Serie 3', 'BMW Serie 5', 'BMW Serie 7']
DEBUG:root:Models loaded:
DEBUG:root:['Citroen C3', 'Citroen C4', 'Citroen C5', 'DS 3', 'DS 4', 'DS 5', 'Peugeot 208', 'Peugeot 308', 'Peugeot 508', 'Renault Twingo', 'Renault Megane', 'Renault Kadjar', 'VW Polo', 'VW Golf', 'VW Passat', 'Ford Fiesta', 'Ford Focus', 'Ford Mondeo', 'Mercedes Classe A', 'Mercedes Classe B', 'Mercedes Classe C', 'BMW Serie 3', 'BMW Serie 5', 'BMW Serie 7']
DEBUG:root:11020 cars injected
DEBUG:root:Models loaded:
DEBUG:root:['Citroen C3', 'Citroen C4', 'Citroen C5', 'DS 3', 'DS 4', 'DS 5', 'Peugeot 208', 'Peugeot 308', 'Peugeot 508', 'Renault Twingo', 'Renault Megane', 'Renault Kadjar', 'VW Polo', 'VW Golf', 'VW Passat', 'Ford Fiesta', 'Ford Focus', 'Ford Mondeo', 'Mercedes Classe A', 'Mercedes Classe B', 'Mercedes Classe C', 'BMW Serie 3', 'BMW Serie 5', 'BMW Serie 7']
DEBUG:root:Models loaded:
DEBUG:root:['Citroen C3', 'Citroen C4', 'Citroen C5', 'DS 3', 'DS 4', 'DS 5', 'Peugeot 208', 'Peugeot 308', 'Peugeot 508', 'Renault Twingo', 'Renault Megane', 'Renault Kadjar', 'VW Polo', 'VW Golf', 'VW Passat', 'Ford Fiesta', 'Ford Focus', 'Ford Mondeo', 'Mercedes Classe A', 'Mercedes Classe B', 'Mercedes Classe C', 'BMW Serie 3', 'BMW Serie 5', 'BMW Serie 7']
DEBUG:root:11600 cars injected
DEBUG:root:Models loaded:
DEBUG:root:['Citroen C3', 'Citroen C4', 'Citroen C5', 'DS 3', 'DS 4', 'DS 5', 'Peugeot 208', 'Peugeot 308', 'Peugeot 508', 'Renault Twingo', 'Renault Megane', 'Renault Kadjar', 'VW Polo', 'VW Golf', 'VW Passat', 'Ford Fiesta', 'Ford Focus', 'Ford Mondeo', 'Mercedes Classe A', 'Mercedes Classe B', 'Mercedes Classe C', 'BMW Serie 3', 'BMW Serie 5', 'BMW Serie 7']
DEBUG:root:Models loaded:
DEBUG:root:['Citroen C3', 'Citroen C4', 'Citroen C5', 'DS 3', 'DS 4', 'DS 5', 'Peugeot 208', 'Peugeot 308', 'Peugeot 508', 'Renault Twingo', 'Renault Megane', 'Renault Kadjar', 'VW Polo', 'VW Golf', 'VW Passat', 'Ford Fiesta', 'Ford Focus', 'Ford Mondeo', 'Mercedes Classe A', 'Mercedes Classe B', 'Mercedes Classe C', 'BMW Serie 3', 'BMW Serie 5', 'BMW Serie 7']
DEBUG:root:12180 cars injected
DEBUG:root:Models loaded:
DEBUG:root:['Citroen C3', 'Citroen C4', 'Citroen C5', 'DS 3', 'DS 4', 'DS 5', 'Peugeot 208', 'Peugeot 308', 'Peugeot 508', 'Renault Twingo', 'Renault Megane', 'Renault Kadjar', 'VW Polo', 'VW Golf', 'VW Passat', 'Ford Fiesta', 'Ford Focus', 'Ford Mondeo', 'Mercedes Classe A', 'Mercedes Classe B', 'Mercedes Classe C', 'BMW Serie 3', 'BMW Serie 5', 'BMW Serie 7']
DEBUG:root:Models loaded:
DEBUG:root:['Citroen C3', 'Citroen C4', 'Citroen C5', 'DS 3', 'DS 4', 'DS 5', 'Peugeot 208', 'Peugeot 308', 'Peugeot 508', 'Renault Twingo', 'Renault Megane', 'Renault Kadjar', 'VW Polo', 'VW Golf', 'VW Passat', 'Ford Fiesta', 'Ford Focus', 'Ford Mondeo', 'Mercedes Classe A', 'Mercedes Classe B', 'Mercedes Classe C', 'BMW Serie 3', 'BMW Serie 5', 'BMW Serie 7']
DEBUG:root:12760 cars injected
DEBUG:root:Models loaded:
DEBUG:root:['Citroen C3', 'Citroen C4', 'Citroen C5', 'DS 3', 'DS 4', 'DS 5', 'Peugeot 208', 'Peugeot 308', 'Peugeot 508', 'Renault Twingo', 'Renault Megane', 'Renault Kadjar', 'VW Polo', 'VW Golf', 'VW Passat', 'Ford Fiesta', 'Ford Focus', 'Ford Mondeo', 'Mercedes Classe A', 'Mercedes Classe B', 'Mercedes Classe C', 'BMW Serie 3', 'BMW Serie 5', 'BMW Serie 7']
DEBUG:root:Models loaded:
DEBUG:root:['Citroen C3', 'Citroen C4', 'Citroen C5', 'DS 3', 'DS 4', 'DS 5', 'Peugeot 208', 'Peugeot 308', 'Peugeot 508', 'Renault Twingo', 'Renault Megane', 'Renault Kadjar', 'VW Polo', 'VW Golf', 'VW Passat', 'Ford Fiesta', 'Ford Focus', 'Ford Mondeo', 'Mercedes Classe A', 'Mercedes Classe B', 'Mercedes Classe C', 'BMW Serie 3', 'BMW Serie 5', 'BMW Serie 7']
DEBUG:root:13340 cars injected
DEBUG:root:Models loaded:
DEBUG:root:['Citroen C3', 'Citroen C4', 'Citroen C5', 'DS 3', 'DS 4', 'DS 5', 'Peugeot 208', 'Peugeot 308', 'Peugeot 508', 'Renault Twingo', 'Renault Megane', 'Renault Kadjar', 'VW Polo', 'VW Golf', 'VW Passat', 'Ford Fiesta', 'Ford Focus', 'Ford Mondeo', 'Mercedes Classe A', 'Mercedes Classe B', 'Mercedes Classe C', 'BMW Serie 3', 'BMW Serie 5', 'BMW Serie 7']
DEBUG:root:Models loaded:
DEBUG:root:['Citroen C3', 'Citroen C4', 'Citroen C5', 'DS 3', 'DS 4', 'DS 5', 'Peugeot 208', 'Peugeot 308', 'Peugeot 508', 'Renault Twingo', 'Renault Megane', 'Renault Kadjar', 'VW Polo', 'VW Golf', 'VW Passat', 'Ford Fiesta', 'Ford Focus', 'Ford Mondeo', 'Mercedes Classe A', 'Mercedes Classe B', 'Mercedes Classe C', 'BMW Serie 3', 'BMW Serie 5', 'BMW Serie 7']
DEBUG:root:13920 cars injected
DEBUG:root:Models loaded:
DEBUG:root:['Citroen C3', 'Citroen C4', 'Citroen C5', 'DS 3', 'DS 4', 'DS 5', 'Peugeot 208', 'Peugeot 308', 'Peugeot 508', 'Renault Twingo', 'Renault Megane', 'Renault Kadjar', 'VW Polo', 'VW Golf', 'VW Passat', 'Ford Fiesta', 'Ford Focus', 'Ford Mondeo', 'Mercedes Classe A', 'Mercedes Classe B', 'Mercedes Classe C', 'BMW Serie 3', 'BMW Serie 5', 'BMW Serie 7']
DEBUG:root:Models loaded:
DEBUG:root:['Citroen C3', 'Citroen C4', 'Citroen C5', 'DS 3', 'DS 4', 'DS 5', 'Peugeot 208', 'Peugeot 308', 'Peugeot 508', 'Renault Twingo', 'Renault Megane', 'Renault Kadjar', 'VW Polo', 'VW Golf', 'VW Passat', 'Ford Fiesta', 'Ford Focus', 'Ford Mondeo', 'Mercedes Classe A', 'Mercedes Classe B', 'Mercedes Classe C', 'BMW Serie 3', 'BMW Serie 5', 'BMW Serie 7']
DEBUG:root:14500 cars injected
DEBUG:root:Models loaded:
DEBUG:root:['Citroen C3', 'Citroen C4', 'Citroen C5', 'DS 3', 'DS 4', 'DS 5', 'Peugeot 208', 'Peugeot 308', 'Peugeot 508', 'Renault Twingo', 'Renault Megane', 'Renault Kadjar', 'VW Polo', 'VW Golf', 'VW Passat', 'Ford Fiesta', 'Ford Focus', 'Ford Mondeo', 'Mercedes Classe A', 'Mercedes Classe B', 'Mercedes Classe C', 'BMW Serie 3', 'BMW Serie 5', 'BMW Serie 7']
DEBUG:root:Models loaded:
DEBUG:root:['Citroen C3', 'Citroen C4', 'Citroen C5', 'DS 3', 'DS 4', 'DS 5', 'Peugeot 208', 'Peugeot 308', 'Peugeot 508', 'Renault Twingo', 'Renault Megane', 'Renault Kadjar', 'VW Polo', 'VW Golf', 'VW Passat', 'Ford Fiesta', 'Ford Focus', 'Ford Mondeo', 'Mercedes Classe A', 'Mercedes Classe B', 'Mercedes Classe C', 'BMW Serie 3', 'BMW Serie 5', 'BMW Serie 7']
DEBUG:root:15080 cars injected
DEBUG:root:Models loaded:
DEBUG:root:['Citroen C3', 'Citroen C4', 'Citroen C5', 'DS 3', 'DS 4', 'DS 5', 'Peugeot 208', 'Peugeot 308', 'Peugeot 508', 'Renault Twingo', 'Renault Megane', 'Renault Kadjar', 'VW Polo', 'VW Golf', 'VW Passat', 'Ford Fiesta', 'Ford Focus', 'Ford Mondeo', 'Mercedes Classe A', 'Mercedes Classe B', 'Mercedes Classe C', 'BMW Serie 3', 'BMW Serie 5', 'BMW Serie 7']
DEBUG:root:Models loaded:
DEBUG:root:['Citroen C3', 'Citroen C4', 'Citroen C5', 'DS 3', 'DS 4', 'DS 5', 'Peugeot 208', 'Peugeot 308', 'Peugeot 508', 'Renault Twingo', 'Renault Megane', 'Renault Kadjar', 'VW Polo', 'VW Golf', 'VW Passat', 'Ford Fiesta', 'Ford Focus', 'Ford Mondeo', 'Mercedes Classe A', 'Mercedes Classe B', 'Mercedes Classe C', 'BMW Serie 3', 'BMW Serie 5', 'BMW Serie 7']
DEBUG:root:15660 cars injected
DEBUG:root:Models loaded:
DEBUG:root:['Citroen C3', 'Citroen C4', 'Citroen C5', 'DS 3', 'DS 4', 'DS 5', 'Peugeot 208', 'Peugeot 308', 'Peugeot 508', 'Renault Twingo', 'Renault Megane', 'Renault Kadjar', 'VW Polo', 'VW Golf', 'VW Passat', 'Ford Fiesta', 'Ford Focus', 'Ford Mondeo', 'Mercedes Classe A', 'Mercedes Classe B', 'Mercedes Classe C', 'BMW Serie 3', 'BMW Serie 5', 'BMW Serie 7']
DEBUG:root:Models loaded:
DEBUG:root:['Citroen C3', 'Citroen C4', 'Citroen C5', 'DS 3', 'DS 4', 'DS 5', 'Peugeot 208', 'Peugeot 308', 'Peugeot 508', 'Renault Twingo', 'Renault Megane', 'Renault Kadjar', 'VW Polo', 'VW Golf', 'VW Passat', 'Ford Fiesta', 'Ford Focus', 'Ford Mondeo', 'Mercedes Classe A', 'Mercedes Classe B', 'Mercedes Classe C', 'BMW Serie 3', 'BMW Serie 5', 'BMW Serie 7']
DEBUG:root:16240 cars injected
DEBUG:root:Models loaded:
DEBUG:root:['Citroen C3', 'Citroen C4', 'Citroen C5', 'DS 3', 'DS 4', 'DS 5', 'Peugeot 208', 'Peugeot 308', 'Peugeot 508', 'Renault Twingo', 'Renault Megane', 'Renault Kadjar', 'VW Polo', 'VW Golf', 'VW Passat', 'Ford Fiesta', 'Ford Focus', 'Ford Mondeo', 'Mercedes Classe A', 'Mercedes Classe B', 'Mercedes Classe C', 'BMW Serie 3', 'BMW Serie 5', 'BMW Serie 7']
DEBUG:root:Models loaded:
DEBUG:root:['Citroen C3', 'Citroen C4', 'Citroen C5', 'DS 3', 'DS 4', 'DS 5', 'Peugeot 208', 'Peugeot 308', 'Peugeot 508', 'Renault Twingo', 'Renault Megane', 'Renault Kadjar', 'VW Polo', 'VW Golf', 'VW Passat', 'Ford Fiesta', 'Ford Focus', 'Ford Mondeo', 'Mercedes Classe A', 'Mercedes Classe B', 'Mercedes Classe C', 'BMW Serie 3', 'BMW Serie 5', 'BMW Serie 7']
DEBUG:root:16820 cars injected
DEBUG:root:Models loaded:
DEBUG:root:['Citroen C3', 'Citroen C4', 'Citroen C5', 'DS 3', 'DS 4', 'DS 5', 'Peugeot 208', 'Peugeot 308', 'Peugeot 508', 'Renault Twingo', 'Renault Megane', 'Renault Kadjar', 'VW Polo', 'VW Golf', 'VW Passat', 'Ford Fiesta', 'Ford Focus', 'Ford Mondeo', 'Mercedes Classe A', 'Mercedes Classe B', 'Mercedes Classe C', 'BMW Serie 3', 'BMW Serie 5', 'BMW Serie 7']
DEBUG:root:Models loaded:
DEBUG:root:['Citroen C3', 'Citroen C4', 'Citroen C5', 'DS 3', 'DS 4', 'DS 5', 'Peugeot 208', 'Peugeot 308', 'Peugeot 508', 'Renault Twingo', 'Renault Megane', 'Renault Kadjar', 'VW Polo', 'VW Golf', 'VW Passat', 'Ford Fiesta', 'Ford Focus', 'Ford Mondeo', 'Mercedes Classe A', 'Mercedes Classe B', 'Mercedes Classe C', 'BMW Serie 3', 'BMW Serie 5', 'BMW Serie 7']
DEBUG:root:17400 cars injected
DEBUG:root:Models loaded:
DEBUG:root:['Citroen C3', 'Citroen C4', 'Citroen C5', 'DS 3', 'DS 4', 'DS 5', 'Peugeot 208', 'Peugeot 308', 'Peugeot 508', 'Renault Twingo', 'Renault Megane', 'Renault Kadjar', 'VW Polo', 'VW Golf', 'VW Passat', 'Ford Fiesta', 'Ford Focus', 'Ford Mondeo', 'Mercedes Classe A', 'Mercedes Classe B', 'Mercedes Classe C', 'BMW Serie 3', 'BMW Serie 5', 'BMW Serie 7']
DEBUG:root:Models loaded:
DEBUG:root:['Citroen C3', 'Citroen C4', 'Citroen C5', 'DS 3', 'DS 4', 'DS 5', 'Peugeot 208', 'Peugeot 308', 'Peugeot 508', 'Renault Twingo', 'Renault Megane', 'Renault Kadjar', 'VW Polo', 'VW Golf', 'VW Passat', 'Ford Fiesta', 'Ford Focus', 'Ford Mondeo', 'Mercedes Classe A', 'Mercedes Classe B', 'Mercedes Classe C', 'BMW Serie 3', 'BMW Serie 5', 'BMW Serie 7']
DEBUG:root:17980 cars injected
DEBUG:root:Models loaded:
DEBUG:root:['Citroen C3', 'Citroen C4', 'Citroen C5', 'DS 3', 'DS 4', 'DS 5', 'Peugeot 208', 'Peugeot 308', 'Peugeot 508', 'Renault Twingo', 'Renault Megane', 'Renault Kadjar', 'VW Polo', 'VW Golf', 'VW Passat', 'Ford Fiesta', 'Ford Focus', 'Ford Mondeo', 'Mercedes Classe A', 'Mercedes Classe B', 'Mercedes Classe C', 'BMW Serie 3', 'BMW Serie 5', 'BMW Serie 7']
DEBUG:root:Models loaded:
DEBUG:root:['Citroen C3', 'Citroen C4', 'Citroen C5', 'DS 3', 'DS 4', 'DS 5', 'Peugeot 208', 'Peugeot 308', 'Peugeot 508', 'Renault Twingo', 'Renault Megane', 'Renault Kadjar', 'VW Polo', 'VW Golf', 'VW Passat', 'Ford Fiesta', 'Ford Focus', 'Ford Mondeo', 'Mercedes Classe A', 'Mercedes Classe B', 'Mercedes Classe C', 'BMW Serie 3', 'BMW Serie 5', 'BMW Serie 7']
DEBUG:root:18560 cars injected
DEBUG:root:Models loaded:
DEBUG:root:['Citroen C3', 'Citroen C4', 'Citroen C5', 'DS 3', 'DS 4', 'DS 5', 'Peugeot 208', 'Peugeot 308', 'Peugeot 508', 'Renault Twingo', 'Renault Megane', 'Renault Kadjar', 'VW Polo', 'VW Golf', 'VW Passat', 'Ford Fiesta', 'Ford Focus', 'Ford Mondeo', 'Mercedes Classe A', 'Mercedes Classe B', 'Mercedes Classe C', 'BMW Serie 3', 'BMW Serie 5', 'BMW Serie 7']
DEBUG:root:Models loaded:
DEBUG:root:['Citroen C3', 'Citroen C4', 'Citroen C5', 'DS 3', 'DS 4', 'DS 5', 'Peugeot 208', 'Peugeot 308', 'Peugeot 508', 'Renault Twingo', 'Renault Megane', 'Renault Kadjar', 'VW Polo', 'VW Golf', 'VW Passat', 'Ford Fiesta', 'Ford Focus', 'Ford Mondeo', 'Mercedes Classe A', 'Mercedes Classe B', 'Mercedes Classe C', 'BMW Serie 3', 'BMW Serie 5', 'BMW Serie 7']
DEBUG:root:19140 cars injected
DEBUG:root:Models loaded:
DEBUG:root:['Citroen C3', 'Citroen C4', 'Citroen C5', 'DS 3', 'DS 4', 'DS 5', 'Peugeot 208', 'Peugeot 308', 'Peugeot 508', 'Renault Twingo', 'Renault Megane', 'Renault Kadjar', 'VW Polo', 'VW Golf', 'VW Passat', 'Ford Fiesta', 'Ford Focus', 'Ford Mondeo', 'Mercedes Classe A', 'Mercedes Classe B', 'Mercedes Classe C', 'BMW Serie 3', 'BMW Serie 5', 'BMW Serie 7']
DEBUG:root:Models loaded:
DEBUG:root:['Citroen C3', 'Citroen C4', 'Citroen C5', 'DS 3', 'DS 4', 'DS 5', 'Peugeot 208', 'Peugeot 308', 'Peugeot 508', 'Renault Twingo', 'Renault Megane', 'Renault Kadjar', 'VW Polo', 'VW Golf', 'VW Passat', 'Ford Fiesta', 'Ford Focus', 'Ford Mondeo', 'Mercedes Classe A', 'Mercedes Classe B', 'Mercedes Classe C', 'BMW Serie 3', 'BMW Serie 5', 'BMW Serie 7']
DEBUG:root:19720 cars injected
DEBUG:root:Models loaded:
DEBUG:root:['Citroen C3', 'Citroen C4', 'Citroen C5', 'DS 3', 'DS 4', 'DS 5', 'Peugeot 208', 'Peugeot 308', 'Peugeot 508', 'Renault Twingo', 'Renault Megane', 'Renault Kadjar', 'VW Polo', 'VW Golf', 'VW Passat', 'Ford Fiesta', 'Ford Focus', 'Ford Mondeo', 'Mercedes Classe A', 'Mercedes Classe B', 'Mercedes Classe C', 'BMW Serie 3', 'BMW Serie 5', 'BMW Serie 7']
DEBUG:root:Models loaded:
DEBUG:root:['Citroen C3', 'Citroen C4', 'Citroen C5', 'DS 3', 'DS 4', 'DS 5', 'Peugeot 208', 'Peugeot 308', 'Peugeot 508', 'Renault Twingo', 'Renault Megane', 'Renault Kadjar', 'VW Polo', 'VW Golf', 'VW Passat', 'Ford Fiesta', 'Ford Focus', 'Ford Mondeo', 'Mercedes Classe A', 'Mercedes Classe B', 'Mercedes Classe C', 'BMW Serie 3', 'BMW Serie 5', 'BMW Serie 7']
DEBUG:root:20300 cars injected
DEBUG:root:Models loaded:
DEBUG:root:['Citroen C3', 'Citroen C4', 'Citroen C5', 'DS 3', 'DS 4', 'DS 5', 'Peugeot 208', 'Peugeot 308', 'Peugeot 508', 'Renault Twingo', 'Renault Megane', 'Renault Kadjar', 'VW Polo', 'VW Golf', 'VW Passat', 'Ford Fiesta', 'Ford Focus', 'Ford Mondeo', 'Mercedes Classe A', 'Mercedes Classe B', 'Mercedes Classe C', 'BMW Serie 3', 'BMW Serie 5', 'BMW Serie 7']
DEBUG:root:Models loaded:
DEBUG:root:['Citroen C3', 'Citroen C4', 'Citroen C5', 'DS 3', 'DS 4', 'DS 5', 'Peugeot 208', 'Peugeot 308', 'Peugeot 508', 'Renault Twingo', 'Renault Megane', 'Renault Kadjar', 'VW Polo', 'VW Golf', 'VW Passat', 'Ford Fiesta', 'Ford Focus', 'Ford Mondeo', 'Mercedes Classe A', 'Mercedes Classe B', 'Mercedes Classe C', 'BMW Serie 3', 'BMW Serie 5', 'BMW Serie 7']
DEBUG:root:20880 cars injected
DEBUG:root:Models loaded:
DEBUG:root:['Citroen C3', 'Citroen C4', 'Citroen C5', 'DS 3', 'DS 4', 'DS 5', 'Peugeot 208', 'Peugeot 308', 'Peugeot 508', 'Renault Twingo', 'Renault Megane', 'Renault Kadjar', 'VW Polo', 'VW Golf', 'VW Passat', 'Ford Fiesta', 'Ford Focus', 'Ford Mondeo', 'Mercedes Classe A', 'Mercedes Classe B', 'Mercedes Classe C', 'BMW Serie 3', 'BMW Serie 5', 'BMW Serie 7']
DEBUG:root:Models loaded:
DEBUG:root:['Citroen C3', 'Citroen C4', 'Citroen C5', 'DS 3', 'DS 4', 'DS 5', 'Peugeot 208', 'Peugeot 308', 'Peugeot 508', 'Renault Twingo', 'Renault Megane', 'Renault Kadjar', 'VW Polo', 'VW Golf', 'VW Passat', 'Ford Fiesta', 'Ford Focus', 'Ford Mondeo', 'Mercedes Classe A', 'Mercedes Classe B', 'Mercedes Classe C', 'BMW Serie 3', 'BMW Serie 5', 'BMW Serie 7']
DEBUG:root:21460 cars injected
DEBUG:root:Models loaded:
DEBUG:root:['Citroen C3', 'Citroen C4', 'Citroen C5', 'DS 3', 'DS 4', 'DS 5', 'Peugeot 208', 'Peugeot 308', 'Peugeot 508', 'Renault Twingo', 'Renault Megane', 'Renault Kadjar', 'VW Polo', 'VW Golf', 'VW Passat', 'Ford Fiesta', 'Ford Focus', 'Ford Mondeo', 'Mercedes Classe A', 'Mercedes Classe B', 'Mercedes Classe C', 'BMW Serie 3', 'BMW Serie 5', 'BMW Serie 7']
DEBUG:root:Models loaded:
DEBUG:root:['Citroen C3', 'Citroen C4', 'Citroen C5', 'DS 3', 'DS 4', 'DS 5', 'Peugeot 208', 'Peugeot 308', 'Peugeot 508', 'Renault Twingo', 'Renault Megane', 'Renault Kadjar', 'VW Polo', 'VW Golf', 'VW Passat', 'Ford Fiesta', 'Ford Focus', 'Ford Mondeo', 'Mercedes Classe A', 'Mercedes Classe B', 'Mercedes Classe C', 'BMW Serie 3', 'BMW Serie 5', 'BMW Serie 7']
DEBUG:root:22040 cars injected
DEBUG:root:Models loaded:
DEBUG:root:['Citroen C3', 'Citroen C4', 'Citroen C5', 'DS 3', 'DS 4', 'DS 5', 'Peugeot 208', 'Peugeot 308', 'Peugeot 508', 'Renault Twingo', 'Renault Megane', 'Renault Kadjar', 'VW Polo', 'VW Golf', 'VW Passat', 'Ford Fiesta', 'Ford Focus', 'Ford Mondeo', 'Mercedes Classe A', 'Mercedes Classe B', 'Mercedes Classe C', 'BMW Serie 3', 'BMW Serie 5', 'BMW Serie 7']
DEBUG:root:Models loaded:
DEBUG:root:['Citroen C3', 'Citroen C4', 'Citroen C5', 'DS 3', 'DS 4', 'DS 5', 'Peugeot 208', 'Peugeot 308', 'Peugeot 508', 'Renault Twingo', 'Renault Megane', 'Renault Kadjar', 'VW Polo', 'VW Golf', 'VW Passat', 'Ford Fiesta', 'Ford Focus', 'Ford Mondeo', 'Mercedes Classe A', 'Mercedes Classe B', 'Mercedes Classe C', 'BMW Serie 3', 'BMW Serie 5', 'BMW Serie 7']
DEBUG:root:22620 cars injected
DEBUG:root:Models loaded:
DEBUG:root:['Citroen C3', 'Citroen C4', 'Citroen C5', 'DS 3', 'DS 4', 'DS 5', 'Peugeot 208', 'Peugeot 308', 'Peugeot 508', 'Renault Twingo', 'Renault Megane', 'Renault Kadjar', 'VW Polo', 'VW Golf', 'VW Passat', 'Ford Fiesta', 'Ford Focus', 'Ford Mondeo', 'Mercedes Classe A', 'Mercedes Classe B', 'Mercedes Classe C', 'BMW Serie 3', 'BMW Serie 5', 'BMW Serie 7']
DEBUG:root:Models loaded:
DEBUG:root:['Citroen C3', 'Citroen C4', 'Citroen C5', 'DS 3', 'DS 4', 'DS 5', 'Peugeot 208', 'Peugeot 308', 'Peugeot 508', 'Renault Twingo', 'Renault Megane', 'Renault Kadjar', 'VW Polo', 'VW Golf', 'VW Passat', 'Ford Fiesta', 'Ford Focus', 'Ford Mondeo', 'Mercedes Classe A', 'Mercedes Classe B', 'Mercedes Classe C', 'BMW Serie 3', 'BMW Serie 5', 'BMW Serie 7']
DEBUG:root:23200 cars injected
DEBUG:root:Models loaded:
DEBUG:root:['Citroen C3', 'Citroen C4', 'Citroen C5', 'DS 3', 'DS 4', 'DS 5', 'Peugeot 208', 'Peugeot 308', 'Peugeot 508', 'Renault Twingo', 'Renault Megane', 'Renault Kadjar', 'VW Polo', 'VW Golf', 'VW Passat', 'Ford Fiesta', 'Ford Focus', 'Ford Mondeo', 'Mercedes Classe A', 'Mercedes Classe B', 'Mercedes Classe C', 'BMW Serie 3', 'BMW Serie 5', 'BMW Serie 7']
DEBUG:root:Models loaded:
DEBUG:root:['Citroen C3', 'Citroen C4', 'Citroen C5', 'DS 3', 'DS 4', 'DS 5', 'Peugeot 208', 'Peugeot 308', 'Peugeot 508', 'Renault Twingo', 'Renault Megane', 'Renault Kadjar', 'VW Polo', 'VW Golf', 'VW Passat', 'Ford Fiesta', 'Ford Focus', 'Ford Mondeo', 'Mercedes Classe A', 'Mercedes Classe B', 'Mercedes Classe C', 'BMW Serie 3', 'BMW Serie 5', 'BMW Serie 7']
DEBUG:root:23780 cars injected
DEBUG:root:Models loaded:
DEBUG:root:['Citroen C3', 'Citroen C4', 'Citroen C5', 'DS 3', 'DS 4', 'DS 5', 'Peugeot 208', 'Peugeot 308', 'Peugeot 508', 'Renault Twingo', 'Renault Megane', 'Renault Kadjar', 'VW Polo', 'VW Golf', 'VW Passat', 'Ford Fiesta', 'Ford Focus', 'Ford Mondeo', 'Mercedes Classe A', 'Mercedes Classe B', 'Mercedes Classe C', 'BMW Serie 3', 'BMW Serie 5', 'BMW Serie 7']
DEBUG:root:Models loaded:
DEBUG:root:['Citroen C3', 'Citroen C4', 'Citroen C5', 'DS 3', 'DS 4', 'DS 5', 'Peugeot 208', 'Peugeot 308', 'Peugeot 508', 'Renault Twingo', 'Renault Megane', 'Renault Kadjar', 'VW Polo', 'VW Golf', 'VW Passat', 'Ford Fiesta', 'Ford Focus', 'Ford Mondeo', 'Mercedes Classe A', 'Mercedes Classe B', 'Mercedes Classe C', 'BMW Serie 3', 'BMW Serie 5', 'BMW Serie 7']
DEBUG:root:24360 cars injected
DEBUG:root:Models loaded:
DEBUG:root:['Citroen C3', 'Citroen C4', 'Citroen C5', 'DS 3', 'DS 4', 'DS 5', 'Peugeot 208', 'Peugeot 308', 'Peugeot 508', 'Renault Twingo', 'Renault Megane', 'Renault Kadjar', 'VW Polo', 'VW Golf', 'VW Passat', 'Ford Fiesta', 'Ford Focus', 'Ford Mondeo', 'Mercedes Classe A', 'Mercedes Classe B', 'Mercedes Classe C', 'BMW Serie 3', 'BMW Serie 5', 'BMW Serie 7']
DEBUG:root:Models loaded:
DEBUG:root:['Citroen C3', 'Citroen C4', 'Citroen C5', 'DS 3', 'DS 4', 'DS 5', 'Peugeot 208', 'Peugeot 308', 'Peugeot 508', 'Renault Twingo', 'Renault Megane', 'Renault Kadjar', 'VW Polo', 'VW Golf', 'VW Passat', 'Ford Fiesta', 'Ford Focus', 'Ford Mondeo', 'Mercedes Classe A', 'Mercedes Classe B', 'Mercedes Classe C', 'BMW Serie 3', 'BMW Serie 5', 'BMW Serie 7']
