DEBUG:root:Cluster name : global.mapr.com
DEBUG:root:creating stream /mapr/global.mapr.com/countries/uk/streams/London
DEBUG:root:stream created
DEBUG:root:creating producer for /mapr/global.mapr.com/countries/uk/streams/London
DEBUG:root:Models loaded:
DEBUG:root:['Citroen C3', 'Citroen C4', 'Citroen C5', 'DS 3', 'DS 4', 'DS 5', 'Peugeot 208', 'Peugeot 308', 'Peugeot 508', 'Renault Twingo', 'Renault Megane', 'Renault Kadjar', 'VW Polo', 'VW Golf', 'VW Passat', 'Ford Fiesta', 'Ford Focus', 'Ford Mondeo', 'Mercedes Classe A', 'Mercedes Classe B', 'Mercedes Classe C', 'BMW Serie 3', 'BMW Serie 5', 'BMW Serie 7']
DEBUG:root:Models loaded:
DEBUG:root:['Citroen C3', 'Citroen C4', 'Citroen C5', 'DS 3', 'DS 4', 'DS 5', 'Peugeot 208', 'Peugeot 308', 'Peugeot 508', 'Renault Twingo', 'Renault Megane', 'Renault Kadjar', 'VW Polo', 'VW Golf', 'VW Passat', 'Ford Fiesta', 'Ford Focus', 'Ford Mondeo', 'Mercedes Classe A', 'Mercedes Classe B', 'Mercedes Classe C', 'BMW Serie 3', 'BMW Serie 5', 'BMW Serie 7']
DEBUG:root:Injecting ...
DEBUG:root:560 cars injected
DEBUG:root:Models loaded:
DEBUG:root:['Citroen C3', 'Citroen C4', 'Citroen C5', 'DS 3', 'DS 4', 'DS 5', 'Peugeot 208', 'Peugeot 308', 'Peugeot 508', 'Renault Twingo', 'Renault Megane', 'Renault Kadjar', 'VW Polo', 'VW Golf', 'VW Passat', 'Ford Fiesta', 'Ford Focus', 'Ford Mondeo', 'Mercedes Classe A', 'Mercedes Classe B', 'Mercedes Classe C', 'BMW Serie 3', 'BMW Serie 5', 'BMW Serie 7']
DEBUG:root:Models loaded:
DEBUG:root:['Citroen C3', 'Citroen C4', 'Citroen C5', 'DS 3', 'DS 4', 'DS 5', 'Peugeot 208', 'Peugeot 308', 'Peugeot 508', 'Renault Twingo', 'Renault Megane', 'Renault Kadjar', 'VW Polo', 'VW Golf', 'VW Passat', 'Ford Fiesta', 'Ford Focus', 'Ford Mondeo', 'Mercedes Classe A', 'Mercedes Classe B', 'Mercedes Classe C', 'BMW Serie 3', 'BMW Serie 5', 'BMW Serie 7']
DEBUG:root:1120 cars injected
DEBUG:root:Models loaded:
DEBUG:root:['Citroen C3', 'Citroen C4', 'Citroen C5', 'DS 3', 'DS 4', 'DS 5', 'Peugeot 208', 'Peugeot 308', 'Peugeot 508', 'Renault Twingo', 'Renault Megane', 'Renault Kadjar', 'VW Polo', 'VW Golf', 'VW Passat', 'Ford Fiesta', 'Ford Focus', 'Ford Mondeo', 'Mercedes Classe A', 'Mercedes Classe B', 'Mercedes Classe C', 'BMW Serie 3', 'BMW Serie 5', 'BMW Serie 7']
DEBUG:root:Models loaded:
DEBUG:root:['Citroen C3', 'Citroen C4', 'Citroen C5', 'DS 3', 'DS 4', 'DS 5', 'Peugeot 208', 'Peugeot 308', 'Peugeot 508', 'Renault Twingo', 'Renault Megane', 'Renault Kadjar', 'VW Polo', 'VW Golf', 'VW Passat', 'Ford Fiesta', 'Ford Focus', 'Ford Mondeo', 'Mercedes Classe A', 'Mercedes Classe B', 'Mercedes Classe C', 'BMW Serie 3', 'BMW Serie 5', 'BMW Serie 7']
DEBUG:root:1680 cars injected
DEBUG:root:Models loaded:
DEBUG:root:['Citroen C3', 'Citroen C4', 'Citroen C5', 'DS 3', 'DS 4', 'DS 5', 'Peugeot 208', 'Peugeot 308', 'Peugeot 508', 'Renault Twingo', 'Renault Megane', 'Renault Kadjar', 'VW Polo', 'VW Golf', 'VW Passat', 'Ford Fiesta', 'Ford Focus', 'Ford Mondeo', 'Mercedes Classe A', 'Mercedes Classe B', 'Mercedes Classe C', 'BMW Serie 3', 'BMW Serie 5', 'BMW Serie 7']
DEBUG:root:Models loaded:
DEBUG:root:['Citroen C3', 'Citroen C4', 'Citroen C5', 'DS 3', 'DS 4', 'DS 5', 'Peugeot 208', 'Peugeot 308', 'Peugeot 508', 'Renault Twingo', 'Renault Megane', 'Renault Kadjar', 'VW Polo', 'VW Golf', 'VW Passat', 'Ford Fiesta', 'Ford Focus', 'Ford Mondeo', 'Mercedes Classe A', 'Mercedes Classe B', 'Mercedes Classe C', 'BMW Serie 3', 'BMW Serie 5', 'BMW Serie 7']
DEBUG:root:2240 cars injected
DEBUG:root:Models loaded:
DEBUG:root:['Citroen C3', 'Citroen C4', 'Citroen C5', 'DS 3', 'DS 4', 'DS 5', 'Peugeot 208', 'Peugeot 308', 'Peugeot 508', 'Renault Twingo', 'Renault Megane', 'Renault Kadjar', 'VW Polo', 'VW Golf', 'VW Passat', 'Ford Fiesta', 'Ford Focus', 'Ford Mondeo', 'Mercedes Classe A', 'Mercedes Classe B', 'Mercedes Classe C', 'BMW Serie 3', 'BMW Serie 5', 'BMW Serie 7']
DEBUG:root:Models loaded:
DEBUG:root:['Citroen C3', 'Citroen C4', 'Citroen C5', 'DS 3', 'DS 4', 'DS 5', 'Peugeot 208', 'Peugeot 308', 'Peugeot 508', 'Renault Twingo', 'Renault Megane', 'Renault Kadjar', 'VW Polo', 'VW Golf', 'VW Passat', 'Ford Fiesta', 'Ford Focus', 'Ford Mondeo', 'Mercedes Classe A', 'Mercedes Classe B', 'Mercedes Classe C', 'BMW Serie 3', 'BMW Serie 5', 'BMW Serie 7']
DEBUG:root:2800 cars injected
DEBUG:root:Models loaded:
DEBUG:root:['Citroen C3', 'Citroen C4', 'Citroen C5', 'DS 3', 'DS 4', 'DS 5', 'Peugeot 208', 'Peugeot 308', 'Peugeot 508', 'Renault Twingo', 'Renault Megane', 'Renault Kadjar', 'VW Polo', 'VW Golf', 'VW Passat', 'Ford Fiesta', 'Ford Focus', 'Ford Mondeo', 'Mercedes Classe A', 'Mercedes Classe B', 'Mercedes Classe C', 'BMW Serie 3', 'BMW Serie 5', 'BMW Serie 7']
DEBUG:root:Models loaded:
DEBUG:root:['Citroen C3', 'Citroen C4', 'Citroen C5', 'DS 3', 'DS 4', 'DS 5', 'Peugeot 208', 'Peugeot 308', 'Peugeot 508', 'Renault Twingo', 'Renault Megane', 'Renault Kadjar', 'VW Polo', 'VW Golf', 'VW Passat', 'Ford Fiesta', 'Ford Focus', 'Ford Mondeo', 'Mercedes Classe A', 'Mercedes Classe B', 'Mercedes Classe C', 'BMW Serie 3', 'BMW Serie 5', 'BMW Serie 7']
DEBUG:root:3360 cars injected
DEBUG:root:Models loaded:
DEBUG:root:['Citroen C3', 'Citroen C4', 'Citroen C5', 'DS 3', 'DS 4', 'DS 5', 'Peugeot 208', 'Peugeot 308', 'Peugeot 508', 'Renault Twingo', 'Renault Megane', 'Renault Kadjar', 'VW Polo', 'VW Golf', 'VW Passat', 'Ford Fiesta', 'Ford Focus', 'Ford Mondeo', 'Mercedes Classe A', 'Mercedes Classe B', 'Mercedes Classe C', 'BMW Serie 3', 'BMW Serie 5', 'BMW Serie 7']
DEBUG:root:Models loaded:
DEBUG:root:['Citroen C3', 'Citroen C4', 'Citroen C5', 'DS 3', 'DS 4', 'DS 5', 'Peugeot 208', 'Peugeot 308', 'Peugeot 508', 'Renault Twingo', 'Renault Megane', 'Renault Kadjar', 'VW Polo', 'VW Golf', 'VW Passat', 'Ford Fiesta', 'Ford Focus', 'Ford Mondeo', 'Mercedes Classe A', 'Mercedes Classe B', 'Mercedes Classe C', 'BMW Serie 3', 'BMW Serie 5', 'BMW Serie 7']
DEBUG:root:3920 cars injected
DEBUG:root:Models loaded:
DEBUG:root:['Citroen C3', 'Citroen C4', 'Citroen C5', 'DS 3', 'DS 4', 'DS 5', 'Peugeot 208', 'Peugeot 308', 'Peugeot 508', 'Renault Twingo', 'Renault Megane', 'Renault Kadjar', 'VW Polo', 'VW Golf', 'VW Passat', 'Ford Fiesta', 'Ford Focus', 'Ford Mondeo', 'Mercedes Classe A', 'Mercedes Classe B', 'Mercedes Classe C', 'BMW Serie 3', 'BMW Serie 5', 'BMW Serie 7']
DEBUG:root:Models loaded:
DEBUG:root:['Citroen C3', 'Citroen C4', 'Citroen C5', 'DS 3', 'DS 4', 'DS 5', 'Peugeot 208', 'Peugeot 308', 'Peugeot 508', 'Renault Twingo', 'Renault Megane', 'Renault Kadjar', 'VW Polo', 'VW Golf', 'VW Passat', 'Ford Fiesta', 'Ford Focus', 'Ford Mondeo', 'Mercedes Classe A', 'Mercedes Classe B', 'Mercedes Classe C', 'BMW Serie 3', 'BMW Serie 5', 'BMW Serie 7']
DEBUG:root:4480 cars injected
DEBUG:root:Models loaded:
DEBUG:root:['Citroen C3', 'Citroen C4', 'Citroen C5', 'DS 3', 'DS 4', 'DS 5', 'Peugeot 208', 'Peugeot 308', 'Peugeot 508', 'Renault Twingo', 'Renault Megane', 'Renault Kadjar', 'VW Polo', 'VW Golf', 'VW Passat', 'Ford Fiesta', 'Ford Focus', 'Ford Mondeo', 'Mercedes Classe A', 'Mercedes Classe B', 'Mercedes Classe C', 'BMW Serie 3', 'BMW Serie 5', 'BMW Serie 7']
DEBUG:root:Models loaded:
DEBUG:root:['Citroen C3', 'Citroen C4', 'Citroen C5', 'DS 3', 'DS 4', 'DS 5', 'Peugeot 208', 'Peugeot 308', 'Peugeot 508', 'Renault Twingo', 'Renault Megane', 'Renault Kadjar', 'VW Polo', 'VW Golf', 'VW Passat', 'Ford Fiesta', 'Ford Focus', 'Ford Mondeo', 'Mercedes Classe A', 'Mercedes Classe B', 'Mercedes Classe C', 'BMW Serie 3', 'BMW Serie 5', 'BMW Serie 7']
