DEBUG:root:Port : 8004
DEBUG:root:Cluster name : global.mapr.com
DEBUG:root:update consumers
DEBUG:root:Current consumers :
DEBUG:root:{}
DEBUG:root:Streams to consume :
DEBUG:root:[]
DEBUG:root:Final consumers :
DEBUG:root:{}
WARNING:werkzeug: * Debugger is active!
INFO:werkzeug: * Debugger PIN: 262-085-697
DEBUG:root:Port : 8002
DEBUG:root:Cluster name : global.mapr.com
DEBUG:root:update consumers
DEBUG:root:Current consumers :
DEBUG:root:{}
DEBUG:root:Streams to consume :
DEBUG:root:[]
DEBUG:root:Final consumers :
DEBUG:root:{}
DEBUG:root:Port : 8001
DEBUG:root:Cluster name : global.mapr.com
DEBUG:root:update consumers
DEBUG:root:Current consumers :
DEBUG:root:{}
DEBUG:root:Streams to consume :
DEBUG:root:[]
DEBUG:root:Final consumers :
DEBUG:root:{}
DEBUG:root:get stream data
DEBUG:root:variables :
DEBUG:root:[]
DEBUG:root:True
DEBUG:root:True
DEBUG:root:update consumers
DEBUG:root:Current consumers :
DEBUG:root:{}
DEBUG:root:Streams to consume :
DEBUG:root:[]
DEBUG:root:Final consumers :
DEBUG:root:{}
INFO:werkzeug:10.0.0.50 - - [05/Mar/2018 22:20:53] "POST /get_stream_data HTTP/1.1" 200 -
DEBUG:root:get stream data
DEBUG:root:variables :
DEBUG:root:[]
DEBUG:root:True
DEBUG:root:True
DEBUG:root:update consumers
DEBUG:root:Current consumers :
DEBUG:root:{}
DEBUG:root:Streams to consume :
DEBUG:root:[]
DEBUG:root:Final consumers :
DEBUG:root:{}
INFO:werkzeug:10.0.0.50 - - [05/Mar/2018 22:21:02] "POST /get_stream_data HTTP/1.1" 200 -
INFO:werkzeug:10.0.0.50 - - [05/Mar/2018 22:21:03] "GET /get_all_streams HTTP/1.1" 200 -
INFO:werkzeug:10.0.0.50 - - [05/Mar/2018 22:21:09] "GET /get_all_streams HTTP/1.1" 200 -
DEBUG:root:get stream data
DEBUG:root:variables :
DEBUG:root:[]
DEBUG:root:True
DEBUG:root:True
DEBUG:root:update consumers
DEBUG:root:Current consumers :
DEBUG:root:{}
DEBUG:root:Streams to consume :
DEBUG:root:[]
DEBUG:root:Final consumers :
DEBUG:root:{}
INFO:werkzeug:10.0.0.50 - - [05/Mar/2018 22:21:14] "POST /get_stream_data HTTP/1.1" 200 -
DEBUG:root:get stream data
DEBUG:root:variables :
DEBUG:root:[]
DEBUG:root:True
DEBUG:root:True
DEBUG:root:update consumers
DEBUG:root:Current consumers :
DEBUG:root:{}
DEBUG:root:Streams to consume :
DEBUG:root:[]
DEBUG:root:Final consumers :
DEBUG:root:{}
INFO:werkzeug:10.0.0.50 - - [05/Mar/2018 22:21:17] "POST /get_stream_data HTTP/1.1" 200 -
DEBUG:root:get stream data
DEBUG:root:variables :
DEBUG:root:[]
DEBUG:root:True
DEBUG:root:True
DEBUG:root:update consumers
DEBUG:root:Current consumers :
DEBUG:root:{}
DEBUG:root:Streams to consume :
DEBUG:root:[]
DEBUG:root:Final consumers :
DEBUG:root:{}
INFO:werkzeug:10.0.0.50 - - [05/Mar/2018 22:21:20] "POST /get_stream_data HTTP/1.1" 200 -
INFO:werkzeug:10.0.0.50 - - [05/Mar/2018 22:21:21] "GET /get_all_streams HTTP/1.1" 200 -
DEBUG:root:get stream data
DEBUG:root:variables :
DEBUG:root:[]
DEBUG:root:True
DEBUG:root:True
DEBUG:root:update consumers
DEBUG:root:Current consumers :
DEBUG:root:{}
DEBUG:root:Streams to consume :
DEBUG:root:[]
DEBUG:root:Final consumers :
DEBUG:root:{}
INFO:werkzeug:10.0.0.50 - - [05/Mar/2018 22:21:23] "POST /get_stream_data HTTP/1.1" 200 -
DEBUG:root:get stream data
DEBUG:root:variables :
DEBUG:root:[]
DEBUG:root:True
DEBUG:root:True
DEBUG:root:update consumers
DEBUG:root:Current consumers :
DEBUG:root:{}
DEBUG:root:Streams to consume :
DEBUG:root:[]
DEBUG:root:Final consumers :
DEBUG:root:{}
INFO:werkzeug:10.0.0.50 - - [05/Mar/2018 22:21:26] "POST /get_stream_data HTTP/1.1" 200 -
INFO:werkzeug:10.0.0.50 - - [05/Mar/2018 22:21:27] "GET /get_all_streams HTTP/1.1" 200 -
DEBUG:root:get stream data
DEBUG:root:variables :
DEBUG:root:[]
DEBUG:root:True
DEBUG:root:True
DEBUG:root:update consumers
DEBUG:root:Current consumers :
DEBUG:root:{}
DEBUG:root:Streams to consume :
DEBUG:root:[]
DEBUG:root:Final consumers :
DEBUG:root:{}
INFO:werkzeug:10.0.0.50 - - [05/Mar/2018 22:21:29] "POST /get_stream_data HTTP/1.1" 200 -
DEBUG:root:get stream data
DEBUG:root:variables :
DEBUG:root:[]
DEBUG:root:True
DEBUG:root:True
DEBUG:root:update consumers
DEBUG:root:Current consumers :
DEBUG:root:{}
DEBUG:root:Streams to consume :
DEBUG:root:[]
DEBUG:root:Final consumers :
DEBUG:root:{}
INFO:werkzeug:10.0.0.50 - - [05/Mar/2018 22:21:32] "POST /get_stream_data HTTP/1.1" 200 -
INFO:werkzeug:10.0.0.50 - - [05/Mar/2018 22:21:33] "GET /get_all_streams HTTP/1.1" 200 -
