DEBUG:root:Port : 8002
DEBUG:root:Cluster name : global.mapr.com
INFO:werkzeug: * Running on http://0.0.0.0:8080/ (Press CTRL+C to quit)
INFO:werkzeug:10.0.0.50 - - [05/Mar/2018 22:11:44] "GET / HTTP/1.1" 200 -
INFO:werkzeug:10.0.0.50 - - [05/Mar/2018 22:11:44] "GET /static/bootstrap.min.css HTTP/1.1" 200 -
INFO:werkzeug:10.0.0.50 - - [05/Mar/2018 22:11:44] "GET /static/header.png HTTP/1.1" 200 -
INFO:werkzeug:10.0.0.50 - - [05/Mar/2018 22:11:44] "GET /static/jquery-3.3.1.min.js HTTP/1.1" 200 -
INFO:werkzeug:10.0.0.50 - - [05/Mar/2018 22:11:44] "GET /static/popper.min.js HTTP/1.1" 200 -
INFO:werkzeug:10.0.0.50 - - [05/Mar/2018 22:11:44] "GET /static/bootstrap.min.js HTTP/1.1" 200 -
INFO:werkzeug:10.0.0.50 - - [05/Mar/2018 22:11:44] "GET /static/highcharts.js HTTP/1.1" 200 -
INFO:werkzeug:10.0.0.50 - - [05/Mar/2018 22:11:44] "GET /static/exporting.js HTTP/1.1" 200 -
INFO:werkzeug:10.0.0.50 - - [05/Mar/2018 22:11:44] "GET /static/localfront.js HTTP/1.1" 200 -
DEBUG:root:get stream data
DEBUG:root:variables :
DEBUG:root:[]
DEBUG:root:True
DEBUG:root:False
DEBUG:root:update consumers
DEBUG:root:Current consumers :
DEBUG:root:{}
DEBUG:root:Streams to consume :
DEBUG:root:[]
DEBUG:root:Final consumers :
DEBUG:root:{}
INFO:werkzeug:10.0.0.50 - - [05/Mar/2018 22:11:44] "POST /get_stream_data HTTP/1.1" 200 -
INFO:werkzeug:10.0.0.50 - - [05/Mar/2018 22:11:44] "GET /get_all_streams HTTP/1.1" 200 -
INFO:werkzeug:10.0.0.50 - - [05/Mar/2018 22:11:44] "GET /favicon.ico HTTP/1.1" 404 -
DEBUG:root:get stream data
DEBUG:root:variables :
DEBUG:root:[]
DEBUG:root:True
DEBUG:root:False
DEBUG:root:update consumers
DEBUG:root:Current consumers :
DEBUG:root:{}
DEBUG:root:Streams to consume :
DEBUG:root:[]
DEBUG:root:Final consumers :
DEBUG:root:{}
INFO:werkzeug:10.0.0.50 - - [05/Mar/2018 22:11:46] "POST /get_stream_data HTTP/1.1" 200 -
DEBUG:root:get stream data
DEBUG:root:variables :
DEBUG:root:[]
DEBUG:root:True
DEBUG:root:False
DEBUG:root:update consumers
DEBUG:root:Current consumers :
DEBUG:root:{}
DEBUG:root:Streams to consume :
DEBUG:root:[]
DEBUG:root:Final consumers :
DEBUG:root:{}
INFO:werkzeug:10.0.0.50 - - [05/Mar/2018 22:11:48] "POST /get_stream_data HTTP/1.1" 200 -
INFO:werkzeug:10.0.0.50 - - [05/Mar/2018 22:11:49] "GET /get_all_streams HTTP/1.1" 200 -
DEBUG:root:get stream data
DEBUG:root:variables :
DEBUG:root:[]
DEBUG:root:True
DEBUG:root:False
DEBUG:root:update consumers
DEBUG:root:Current consumers :
DEBUG:root:{}
DEBUG:root:Streams to consume :
DEBUG:root:[]
DEBUG:root:Final consumers :
DEBUG:root:{}
INFO:werkzeug:10.0.0.50 - - [05/Mar/2018 22:11:50] "POST /get_stream_data HTTP/1.1" 200 -
DEBUG:root:get stream data
DEBUG:root:variables :
DEBUG:root:[]
DEBUG:root:True
DEBUG:root:False
DEBUG:root:update consumers
DEBUG:root:Current consumers :
DEBUG:root:{}
DEBUG:root:Streams to consume :
DEBUG:root:[]
DEBUG:root:Final consumers :
DEBUG:root:{}
INFO:werkzeug:10.0.0.50 - - [05/Mar/2018 22:11:52] "POST /get_stream_data HTTP/1.1" 200 -
INFO:werkzeug:10.0.0.50 - - [05/Mar/2018 22:11:54] "GET /get_all_streams HTTP/1.1" 200 -
DEBUG:root:get stream data
DEBUG:root:variables :
DEBUG:root:[]
DEBUG:root:True
DEBUG:root:False
DEBUG:root:update consumers
DEBUG:root:Current consumers :
DEBUG:root:{}
DEBUG:root:Streams to consume :
DEBUG:root:[]
DEBUG:root:Final consumers :
DEBUG:root:{}
INFO:werkzeug:10.0.0.50 - - [05/Mar/2018 22:11:54] "POST /get_stream_data HTTP/1.1" 200 -
DEBUG:root:get stream data
DEBUG:root:variables :
DEBUG:root:[]
DEBUG:root:True
DEBUG:root:False
DEBUG:root:update consumers
DEBUG:root:Current consumers :
DEBUG:root:{}
DEBUG:root:Streams to consume :
DEBUG:root:[]
DEBUG:root:Final consumers :
DEBUG:root:{}
INFO:werkzeug:10.0.0.50 - - [05/Mar/2018 22:11:56] "POST /get_stream_data HTTP/1.1" 200 -
DEBUG:root:get stream data
DEBUG:root:variables :
DEBUG:root:[]
DEBUG:root:True
DEBUG:root:False
DEBUG:root:update consumers
DEBUG:root:Current consumers :
DEBUG:root:{}
DEBUG:root:Streams to consume :
DEBUG:root:[]
DEBUG:root:Final consumers :
DEBUG:root:{}
INFO:werkzeug:10.0.0.50 - - [05/Mar/2018 22:11:58] "POST /get_stream_data HTTP/1.1" 200 -
INFO:werkzeug:10.0.0.50 - - [05/Mar/2018 22:11:59] "GET /get_all_streams HTTP/1.1" 200 -
DEBUG:root:get stream data
DEBUG:root:variables :
DEBUG:root:[]
DEBUG:root:True
DEBUG:root:False
DEBUG:root:update consumers
DEBUG:root:Current consumers :
DEBUG:root:{}
DEBUG:root:Streams to consume :
DEBUG:root:[]
DEBUG:root:Final consumers :
DEBUG:root:{}
INFO:werkzeug:10.0.0.50 - - [05/Mar/2018 22:12:00] "POST /get_stream_data HTTP/1.1" 200 -
DEBUG:root:get stream data
DEBUG:root:variables :
DEBUG:root:[]
DEBUG:root:True
DEBUG:root:False
DEBUG:root:update consumers
DEBUG:root:Current consumers :
DEBUG:root:{}
DEBUG:root:Streams to consume :
DEBUG:root:[]
DEBUG:root:Final consumers :
DEBUG:root:{}
INFO:werkzeug:10.0.0.50 - - [05/Mar/2018 22:12:02] "POST /get_stream_data HTTP/1.1" 200 -
INFO:werkzeug:10.0.0.50 - - [05/Mar/2018 22:12:04] "GET /get_all_streams HTTP/1.1" 200 -
DEBUG:root:get stream data
DEBUG:root:variables :
DEBUG:root:[]
DEBUG:root:True
DEBUG:root:False
DEBUG:root:update consumers
DEBUG:root:Current consumers :
DEBUG:root:{}
DEBUG:root:Streams to consume :
DEBUG:root:[]
DEBUG:root:Final consumers :
DEBUG:root:{}
INFO:werkzeug:10.0.0.50 - - [05/Mar/2018 22:12:04] "POST /get_stream_data HTTP/1.1" 200 -
DEBUG:root:get stream data
DEBUG:root:variables :
DEBUG:root:[]
DEBUG:root:True
DEBUG:root:False
DEBUG:root:update consumers
DEBUG:root:Current consumers :
DEBUG:root:{}
DEBUG:root:Streams to consume :
DEBUG:root:[]
DEBUG:root:Final consumers :
DEBUG:root:{}
INFO:werkzeug:10.0.0.50 - - [05/Mar/2018 22:12:06] "POST /get_stream_data HTTP/1.1" 200 -
DEBUG:root:get stream data
DEBUG:root:variables :
DEBUG:root:[]
DEBUG:root:True
DEBUG:root:False
DEBUG:root:update consumers
DEBUG:root:Current consumers :
DEBUG:root:{}
DEBUG:root:Streams to consume :
DEBUG:root:[]
DEBUG:root:Final consumers :
DEBUG:root:{}
INFO:werkzeug:10.0.0.50 - - [05/Mar/2018 22:12:08] "POST /get_stream_data HTTP/1.1" 200 -
INFO:werkzeug:10.0.0.50 - - [05/Mar/2018 22:12:09] "GET /get_all_streams HTTP/1.1" 200 -
DEBUG:root:get stream data
DEBUG:root:variables :
DEBUG:root:[]
DEBUG:root:True
DEBUG:root:False
DEBUG:root:update consumers
DEBUG:root:Current consumers :
DEBUG:root:{}
DEBUG:root:Streams to consume :
DEBUG:root:[]
DEBUG:root:Final consumers :
DEBUG:root:{}
INFO:werkzeug:10.0.0.50 - - [05/Mar/2018 22:12:10] "POST /get_stream_data HTTP/1.1" 200 -
DEBUG:root:get stream data
DEBUG:root:variables :
DEBUG:root:[]
DEBUG:root:True
DEBUG:root:False
DEBUG:root:update consumers
DEBUG:root:Current consumers :
DEBUG:root:{}
DEBUG:root:Streams to consume :
DEBUG:root:[]
DEBUG:root:Final consumers :
DEBUG:root:{}
INFO:werkzeug:10.0.0.50 - - [05/Mar/2018 22:12:12] "POST /get_stream_data HTTP/1.1" 200 -
INFO:werkzeug:10.0.0.50 - - [05/Mar/2018 22:12:14] "GET /get_all_streams HTTP/1.1" 200 -
DEBUG:root:get stream data
DEBUG:root:variables :
DEBUG:root:[]
DEBUG:root:True
DEBUG:root:False
DEBUG:root:update consumers
DEBUG:root:Current consumers :
DEBUG:root:{}
DEBUG:root:Streams to consume :
DEBUG:root:[]
DEBUG:root:Final consumers :
DEBUG:root:{}
INFO:werkzeug:10.0.0.50 - - [05/Mar/2018 22:12:14] "POST /get_stream_data HTTP/1.1" 200 -
DEBUG:root:get stream data
DEBUG:root:variables :
DEBUG:root:[]
DEBUG:root:True
DEBUG:root:False
DEBUG:root:update consumers
DEBUG:root:Current consumers :
DEBUG:root:{}
DEBUG:root:Streams to consume :
DEBUG:root:[]
DEBUG:root:Final consumers :
DEBUG:root:{}
INFO:werkzeug:10.0.0.50 - - [05/Mar/2018 22:12:16] "POST /get_stream_data HTTP/1.1" 200 -
DEBUG:root:get stream data
DEBUG:root:variables :
DEBUG:root:[]
DEBUG:root:True
DEBUG:root:False
DEBUG:root:update consumers
DEBUG:root:Current consumers :
DEBUG:root:{}
DEBUG:root:Streams to consume :
DEBUG:root:[]
DEBUG:root:Final consumers :
DEBUG:root:{}
INFO:werkzeug:10.0.0.50 - - [05/Mar/2018 22:12:18] "POST /get_stream_data HTTP/1.1" 200 -
INFO:werkzeug:10.0.0.50 - - [05/Mar/2018 22:12:19] "GET /get_all_streams HTTP/1.1" 200 -
DEBUG:root:get stream data
DEBUG:root:variables :
DEBUG:root:[]
DEBUG:root:True
DEBUG:root:False
DEBUG:root:update consumers
DEBUG:root:Current consumers :
DEBUG:root:{}
DEBUG:root:Streams to consume :
DEBUG:root:[]
DEBUG:root:Final consumers :
DEBUG:root:{}
INFO:werkzeug:10.0.0.50 - - [05/Mar/2018 22:12:20] "POST /get_stream_data HTTP/1.1" 200 -
DEBUG:root:get stream data
DEBUG:root:variables :
DEBUG:root:[]
DEBUG:root:True
DEBUG:root:False
DEBUG:root:update consumers
DEBUG:root:Current consumers :
DEBUG:root:{}
DEBUG:root:Streams to consume :
DEBUG:root:[]
DEBUG:root:Final consumers :
DEBUG:root:{}
INFO:werkzeug:10.0.0.50 - - [05/Mar/2018 22:12:22] "POST /get_stream_data HTTP/1.1" 200 -
INFO:werkzeug:10.0.0.50 - - [05/Mar/2018 22:12:24] "GET /get_all_streams HTTP/1.1" 200 -
DEBUG:root:get stream data
DEBUG:root:variables :
DEBUG:root:[]
DEBUG:root:True
DEBUG:root:False
DEBUG:root:update consumers
DEBUG:root:Current consumers :
DEBUG:root:{}
DEBUG:root:Streams to consume :
DEBUG:root:[]
DEBUG:root:Final consumers :
DEBUG:root:{}
INFO:werkzeug:10.0.0.50 - - [05/Mar/2018 22:12:24] "POST /get_stream_data HTTP/1.1" 200 -
DEBUG:root:get stream data
DEBUG:root:variables :
DEBUG:root:[]
DEBUG:root:True
DEBUG:root:False
DEBUG:root:update consumers
DEBUG:root:Current consumers :
DEBUG:root:{}
DEBUG:root:Streams to consume :
DEBUG:root:[]
DEBUG:root:Final consumers :
DEBUG:root:{}
INFO:werkzeug:10.0.0.50 - - [05/Mar/2018 22:12:26] "POST /get_stream_data HTTP/1.1" 200 -
DEBUG:root:get stream data
DEBUG:root:variables :
DEBUG:root:[]
DEBUG:root:True
DEBUG:root:False
DEBUG:root:update consumers
DEBUG:root:Current consumers :
DEBUG:root:{}
DEBUG:root:Streams to consume :
DEBUG:root:[]
DEBUG:root:Final consumers :
DEBUG:root:{}
INFO:werkzeug:10.0.0.50 - - [05/Mar/2018 22:12:28] "POST /get_stream_data HTTP/1.1" 200 -
INFO:werkzeug:10.0.0.50 - - [05/Mar/2018 22:12:29] "GET /get_all_streams HTTP/1.1" 200 -
DEBUG:root:get stream data
DEBUG:root:variables :
DEBUG:root:[]
DEBUG:root:True
DEBUG:root:False
DEBUG:root:update consumers
DEBUG:root:Current consumers :
DEBUG:root:{}
DEBUG:root:Streams to consume :
DEBUG:root:[]
DEBUG:root:Final consumers :
DEBUG:root:{}
INFO:werkzeug:10.0.0.50 - - [05/Mar/2018 22:12:30] "POST /get_stream_data HTTP/1.1" 200 -
DEBUG:root:get stream data
DEBUG:root:variables :
DEBUG:root:[]
DEBUG:root:True
DEBUG:root:False
DEBUG:root:update consumers
DEBUG:root:Current consumers :
DEBUG:root:{}
DEBUG:root:Streams to consume :
DEBUG:root:[]
DEBUG:root:Final consumers :
DEBUG:root:{}
INFO:werkzeug:10.0.0.50 - - [05/Mar/2018 22:12:32] "POST /get_stream_data HTTP/1.1" 200 -
INFO:werkzeug:10.0.0.50 - - [05/Mar/2018 22:12:34] "GET /get_all_streams HTTP/1.1" 200 -
DEBUG:root:get stream data
DEBUG:root:variables :
DEBUG:root:[]
DEBUG:root:True
DEBUG:root:False
DEBUG:root:update consumers
DEBUG:root:Current consumers :
DEBUG:root:{}
DEBUG:root:Streams to consume :
DEBUG:root:[]
DEBUG:root:Final consumers :
DEBUG:root:{}
INFO:werkzeug:10.0.0.50 - - [05/Mar/2018 22:12:35] "POST /get_stream_data HTTP/1.1" 200 -
DEBUG:root:get stream data
DEBUG:root:variables :
DEBUG:root:[]
DEBUG:root:True
DEBUG:root:False
DEBUG:root:update consumers
DEBUG:root:Current consumers :
DEBUG:root:{}
DEBUG:root:Streams to consume :
DEBUG:root:[]
DEBUG:root:Final consumers :
DEBUG:root:{}
INFO:werkzeug:10.0.0.50 - - [05/Mar/2018 22:12:37] "POST /get_stream_data HTTP/1.1" 200 -
DEBUG:root:get stream data
DEBUG:root:variables :
DEBUG:root:[]
DEBUG:root:True
DEBUG:root:False
DEBUG:root:update consumers
DEBUG:root:Current consumers :
DEBUG:root:{}
DEBUG:root:Streams to consume :
DEBUG:root:[]
DEBUG:root:Final consumers :
DEBUG:root:{}
INFO:werkzeug:10.0.0.50 - - [05/Mar/2018 22:12:39] "POST /get_stream_data HTTP/1.1" 200 -
INFO:werkzeug:10.0.0.50 - - [05/Mar/2018 22:12:39] "GET /get_all_streams HTTP/1.1" 200 -
DEBUG:root:get stream data
DEBUG:root:variables :
DEBUG:root:[]
DEBUG:root:True
DEBUG:root:False
DEBUG:root:update consumers
DEBUG:root:Current consumers :
DEBUG:root:{}
DEBUG:root:Streams to consume :
DEBUG:root:[]
DEBUG:root:Final consumers :
DEBUG:root:{}
INFO:werkzeug:10.0.0.50 - - [05/Mar/2018 22:12:41] "POST /get_stream_data HTTP/1.1" 200 -
DEBUG:root:get stream data
DEBUG:root:variables :
DEBUG:root:[]
DEBUG:root:True
DEBUG:root:False
DEBUG:root:update consumers
DEBUG:root:Current consumers :
DEBUG:root:{}
DEBUG:root:Streams to consume :
DEBUG:root:[]
DEBUG:root:Final consumers :
DEBUG:root:{}
INFO:werkzeug:10.0.0.50 - - [05/Mar/2018 22:12:43] "POST /get_stream_data HTTP/1.1" 200 -
INFO:werkzeug:10.0.0.50 - - [05/Mar/2018 22:12:44] "GET /get_all_streams HTTP/1.1" 200 -
DEBUG:root:get stream data
DEBUG:root:variables :
DEBUG:root:[]
DEBUG:root:True
DEBUG:root:False
DEBUG:root:update consumers
DEBUG:root:Current consumers :
DEBUG:root:{}
DEBUG:root:Streams to consume :
DEBUG:root:[]
DEBUG:root:Final consumers :
DEBUG:root:{}
INFO:werkzeug:10.0.0.50 - - [05/Mar/2018 22:12:45] "POST /get_stream_data HTTP/1.1" 200 -
DEBUG:root:get stream data
DEBUG:root:variables :
DEBUG:root:[]
DEBUG:root:True
DEBUG:root:False
DEBUG:root:update consumers
DEBUG:root:Current consumers :
DEBUG:root:{}
DEBUG:root:Streams to consume :
DEBUG:root:[]
DEBUG:root:Final consumers :
DEBUG:root:{}
INFO:werkzeug:10.0.0.50 - - [05/Mar/2018 22:12:47] "POST /get_stream_data HTTP/1.1" 200 -
DEBUG:root:get stream data
DEBUG:root:variables :
DEBUG:root:[]
DEBUG:root:True
DEBUG:root:False
DEBUG:root:update consumers
DEBUG:root:Current consumers :
DEBUG:root:{}
DEBUG:root:Streams to consume :
DEBUG:root:[]
DEBUG:root:Final consumers :
DEBUG:root:{}
INFO:werkzeug:10.0.0.50 - - [05/Mar/2018 22:12:49] "POST /get_stream_data HTTP/1.1" 200 -
INFO:werkzeug:10.0.0.50 - - [05/Mar/2018 22:12:49] "GET /get_all_streams HTTP/1.1" 200 -
DEBUG:root:get stream data
DEBUG:root:variables :
DEBUG:root:[]
DEBUG:root:True
DEBUG:root:False
DEBUG:root:update consumers
DEBUG:root:Current consumers :
DEBUG:root:{}
DEBUG:root:Streams to consume :
DEBUG:root:[]
DEBUG:root:Final consumers :
DEBUG:root:{}
INFO:werkzeug:10.0.0.50 - - [05/Mar/2018 22:12:51] "POST /get_stream_data HTTP/1.1" 200 -
DEBUG:root:get stream data
DEBUG:root:variables :
DEBUG:root:[]
DEBUG:root:True
DEBUG:root:False
DEBUG:root:update consumers
DEBUG:root:Current consumers :
DEBUG:root:{}
DEBUG:root:Streams to consume :
DEBUG:root:[]
DEBUG:root:Final consumers :
DEBUG:root:{}
INFO:werkzeug:10.0.0.50 - - [05/Mar/2018 22:12:53] "POST /get_stream_data HTTP/1.1" 200 -
INFO:werkzeug:10.0.0.50 - - [05/Mar/2018 22:12:54] "GET /get_all_streams HTTP/1.1" 200 -
DEBUG:root:get stream data
DEBUG:root:variables :
DEBUG:root:[]
DEBUG:root:True
DEBUG:root:False
DEBUG:root:update consumers
DEBUG:root:Current consumers :
DEBUG:root:{}
DEBUG:root:Streams to consume :
DEBUG:root:[]
DEBUG:root:Final consumers :
DEBUG:root:{}
INFO:werkzeug:10.0.0.50 - - [05/Mar/2018 22:12:55] "POST /get_stream_data HTTP/1.1" 200 -
DEBUG:root:get stream data
DEBUG:root:variables :
DEBUG:root:[]
DEBUG:root:True
DEBUG:root:False
DEBUG:root:update consumers
DEBUG:root:Current consumers :
DEBUG:root:{}
DEBUG:root:Streams to consume :
DEBUG:root:[]
DEBUG:root:Final consumers :
DEBUG:root:{}
INFO:werkzeug:10.0.0.50 - - [05/Mar/2018 22:12:57] "POST /get_stream_data HTTP/1.1" 200 -
DEBUG:root:get stream data
DEBUG:root:variables :
DEBUG:root:[]
DEBUG:root:True
DEBUG:root:False
DEBUG:root:update consumers
DEBUG:root:Current consumers :
DEBUG:root:{}
DEBUG:root:Streams to consume :
DEBUG:root:[]
DEBUG:root:Final consumers :
DEBUG:root:{}
INFO:werkzeug:10.0.0.50 - - [05/Mar/2018 22:12:59] "POST /get_stream_data HTTP/1.1" 200 -
INFO:werkzeug:10.0.0.50 - - [05/Mar/2018 22:12:59] "GET /get_all_streams HTTP/1.1" 200 -
DEBUG:root:get stream data
DEBUG:root:variables :
DEBUG:root:[]
DEBUG:root:True
DEBUG:root:False
DEBUG:root:update consumers
DEBUG:root:Current consumers :
DEBUG:root:{}
DEBUG:root:Streams to consume :
DEBUG:root:[]
DEBUG:root:Final consumers :
DEBUG:root:{}
INFO:werkzeug:10.0.0.50 - - [05/Mar/2018 22:13:01] "POST /get_stream_data HTTP/1.1" 200 -
DEBUG:root:get stream data
DEBUG:root:variables :
DEBUG:root:[]
DEBUG:root:True
DEBUG:root:False
DEBUG:root:update consumers
DEBUG:root:Current consumers :
DEBUG:root:{}
DEBUG:root:Streams to consume :
DEBUG:root:[]
DEBUG:root:Final consumers :
DEBUG:root:{}
INFO:werkzeug:10.0.0.50 - - [05/Mar/2018 22:13:03] "POST /get_stream_data HTTP/1.1" 200 -
INFO:werkzeug:10.0.0.50 - - [05/Mar/2018 22:13:04] "GET /get_all_streams HTTP/1.1" 200 -
DEBUG:root:get stream data
DEBUG:root:variables :
DEBUG:root:[]
DEBUG:root:True
DEBUG:root:False
DEBUG:root:update consumers
DEBUG:root:Current consumers :
DEBUG:root:{}
DEBUG:root:Streams to consume :
DEBUG:root:[]
DEBUG:root:Final consumers :
DEBUG:root:{}
INFO:werkzeug:10.0.0.50 - - [05/Mar/2018 22:13:05] "POST /get_stream_data HTTP/1.1" 200 -
DEBUG:root:get stream data
DEBUG:root:variables :
DEBUG:root:[]
DEBUG:root:True
DEBUG:root:False
DEBUG:root:update consumers
DEBUG:root:Current consumers :
DEBUG:root:{}
DEBUG:root:Streams to consume :
DEBUG:root:[]
DEBUG:root:Final consumers :
DEBUG:root:{}
INFO:werkzeug:10.0.0.50 - - [05/Mar/2018 22:13:07] "POST /get_stream_data HTTP/1.1" 200 -
DEBUG:root:get stream data
DEBUG:root:variables :
DEBUG:root:[]
DEBUG:root:True
DEBUG:root:False
DEBUG:root:update consumers
DEBUG:root:Current consumers :
DEBUG:root:{}
DEBUG:root:Streams to consume :
DEBUG:root:[]
DEBUG:root:Final consumers :
DEBUG:root:{}
INFO:werkzeug:10.0.0.50 - - [05/Mar/2018 22:13:09] "POST /get_stream_data HTTP/1.1" 200 -
INFO:werkzeug:10.0.0.50 - - [05/Mar/2018 22:13:09] "GET /get_all_streams HTTP/1.1" 200 -
DEBUG:root:get stream data
DEBUG:root:variables :
DEBUG:root:[]
DEBUG:root:True
DEBUG:root:False
DEBUG:root:update consumers
DEBUG:root:Current consumers :
DEBUG:root:{}
DEBUG:root:Streams to consume :
DEBUG:root:[]
DEBUG:root:Final consumers :
DEBUG:root:{}
INFO:werkzeug:10.0.0.50 - - [05/Mar/2018 22:13:11] "POST /get_stream_data HTTP/1.1" 200 -
DEBUG:root:get stream data
DEBUG:root:variables :
DEBUG:root:[]
DEBUG:root:True
DEBUG:root:False
DEBUG:root:update consumers
DEBUG:root:Current consumers :
DEBUG:root:{}
DEBUG:root:Streams to consume :
DEBUG:root:[]
DEBUG:root:Final consumers :
DEBUG:root:{}
INFO:werkzeug:10.0.0.50 - - [05/Mar/2018 22:13:13] "POST /get_stream_data HTTP/1.1" 200 -
INFO:werkzeug:10.0.0.50 - - [05/Mar/2018 22:13:14] "GET /get_all_streams HTTP/1.1" 200 -
DEBUG:root:get stream data
DEBUG:root:variables :
DEBUG:root:[]
DEBUG:root:True
DEBUG:root:False
DEBUG:root:update consumers
DEBUG:root:Current consumers :
DEBUG:root:{}
DEBUG:root:Streams to consume :
DEBUG:root:[]
DEBUG:root:Final consumers :
DEBUG:root:{}
INFO:werkzeug:10.0.0.50 - - [05/Mar/2018 22:13:15] "POST /get_stream_data HTTP/1.1" 200 -
DEBUG:root:get stream data
DEBUG:root:variables :
DEBUG:root:[]
DEBUG:root:True
DEBUG:root:False
DEBUG:root:update consumers
DEBUG:root:Current consumers :
DEBUG:root:{}
DEBUG:root:Streams to consume :
DEBUG:root:[]
DEBUG:root:Final consumers :
DEBUG:root:{}
INFO:werkzeug:10.0.0.50 - - [05/Mar/2018 22:13:17] "POST /get_stream_data HTTP/1.1" 200 -
DEBUG:root:get stream data
DEBUG:root:variables :
DEBUG:root:[]
DEBUG:root:True
DEBUG:root:False
DEBUG:root:update consumers
DEBUG:root:Current consumers :
DEBUG:root:{}
DEBUG:root:Streams to consume :
DEBUG:root:[]
DEBUG:root:Final consumers :
DEBUG:root:{}
INFO:werkzeug:10.0.0.50 - - [05/Mar/2018 22:13:19] "POST /get_stream_data HTTP/1.1" 200 -
INFO:werkzeug:10.0.0.50 - - [05/Mar/2018 22:13:19] "GET /get_all_streams HTTP/1.1" 200 -
DEBUG:root:get stream data
DEBUG:root:variables :
DEBUG:root:[]
DEBUG:root:True
DEBUG:root:False
DEBUG:root:update consumers
DEBUG:root:Current consumers :
DEBUG:root:{}
DEBUG:root:Streams to consume :
DEBUG:root:[]
DEBUG:root:Final consumers :
DEBUG:root:{}
INFO:werkzeug:10.0.0.50 - - [05/Mar/2018 22:13:21] "POST /get_stream_data HTTP/1.1" 200 -
DEBUG:root:get stream data
DEBUG:root:variables :
DEBUG:root:[]
DEBUG:root:True
DEBUG:root:False
DEBUG:root:update consumers
DEBUG:root:Current consumers :
DEBUG:root:{}
DEBUG:root:Streams to consume :
DEBUG:root:[]
DEBUG:root:Final consumers :
DEBUG:root:{}
INFO:werkzeug:10.0.0.50 - - [05/Mar/2018 22:13:23] "POST /get_stream_data HTTP/1.1" 200 -
INFO:werkzeug:10.0.0.50 - - [05/Mar/2018 22:13:24] "GET /get_all_streams HTTP/1.1" 200 -
DEBUG:root:get stream data
DEBUG:root:variables :
DEBUG:root:[]
DEBUG:root:True
DEBUG:root:False
DEBUG:root:update consumers
DEBUG:root:Current consumers :
DEBUG:root:{}
DEBUG:root:Streams to consume :
DEBUG:root:[]
DEBUG:root:Final consumers :
DEBUG:root:{}
INFO:werkzeug:10.0.0.50 - - [05/Mar/2018 22:13:25] "POST /get_stream_data HTTP/1.1" 200 -
DEBUG:root:get stream data
DEBUG:root:variables :
DEBUG:root:[]
DEBUG:root:True
DEBUG:root:False
DEBUG:root:update consumers
DEBUG:root:Current consumers :
DEBUG:root:{}
DEBUG:root:Streams to consume :
DEBUG:root:[]
DEBUG:root:Final consumers :
DEBUG:root:{}
INFO:werkzeug:10.0.0.50 - - [05/Mar/2018 22:13:27] "POST /get_stream_data HTTP/1.1" 200 -
DEBUG:root:get stream data
DEBUG:root:variables :
DEBUG:root:[]
DEBUG:root:True
DEBUG:root:False
DEBUG:root:update consumers
DEBUG:root:Current consumers :
DEBUG:root:{}
DEBUG:root:Streams to consume :
DEBUG:root:[]
DEBUG:root:Final consumers :
DEBUG:root:{}
INFO:werkzeug:10.0.0.50 - - [05/Mar/2018 22:13:29] "POST /get_stream_data HTTP/1.1" 200 -
INFO:werkzeug:10.0.0.50 - - [05/Mar/2018 22:13:29] "GET /get_all_streams HTTP/1.1" 200 -
DEBUG:root:get stream data
DEBUG:root:variables :
DEBUG:root:[]
DEBUG:root:True
DEBUG:root:False
DEBUG:root:update consumers
DEBUG:root:Current consumers :
DEBUG:root:{}
DEBUG:root:Streams to consume :
DEBUG:root:[]
DEBUG:root:Final consumers :
DEBUG:root:{}
INFO:werkzeug:10.0.0.50 - - [05/Mar/2018 22:13:31] "POST /get_stream_data HTTP/1.1" 200 -
DEBUG:root:get stream data
DEBUG:root:variables :
DEBUG:root:[]
DEBUG:root:True
DEBUG:root:False
DEBUG:root:update consumers
DEBUG:root:Current consumers :
DEBUG:root:{}
DEBUG:root:Streams to consume :
DEBUG:root:[]
DEBUG:root:Final consumers :
DEBUG:root:{}
INFO:werkzeug:10.0.0.50 - - [05/Mar/2018 22:13:33] "POST /get_stream_data HTTP/1.1" 200 -
INFO:werkzeug:10.0.0.50 - - [05/Mar/2018 22:13:34] "GET /get_all_streams HTTP/1.1" 200 -
DEBUG:root:get stream data
DEBUG:root:variables :
DEBUG:root:[]
DEBUG:root:True
DEBUG:root:False
DEBUG:root:update consumers
DEBUG:root:Current consumers :
DEBUG:root:{}
DEBUG:root:Streams to consume :
DEBUG:root:[]
DEBUG:root:Final consumers :
DEBUG:root:{}
INFO:werkzeug:10.0.0.50 - - [05/Mar/2018 22:13:35] "POST /get_stream_data HTTP/1.1" 200 -
DEBUG:root:get stream data
DEBUG:root:variables :
DEBUG:root:[]
DEBUG:root:True
DEBUG:root:False
DEBUG:root:update consumers
DEBUG:root:Current consumers :
DEBUG:root:{}
DEBUG:root:Streams to consume :
DEBUG:root:[]
DEBUG:root:Final consumers :
DEBUG:root:{}
INFO:werkzeug:10.0.0.50 - - [05/Mar/2018 22:13:37] "POST /get_stream_data HTTP/1.1" 200 -
DEBUG:root:get stream data
DEBUG:root:variables :
DEBUG:root:[]
DEBUG:root:True
DEBUG:root:False
DEBUG:root:update consumers
DEBUG:root:Current consumers :
DEBUG:root:{}
DEBUG:root:Streams to consume :
DEBUG:root:[]
DEBUG:root:Final consumers :
DEBUG:root:{}
INFO:werkzeug:10.0.0.50 - - [05/Mar/2018 22:13:39] "POST /get_stream_data HTTP/1.1" 200 -
INFO:werkzeug:10.0.0.50 - - [05/Mar/2018 22:13:39] "GET /get_all_streams HTTP/1.1" 200 -
DEBUG:root:get stream data
DEBUG:root:variables :
DEBUG:root:[]
DEBUG:root:True
DEBUG:root:False
DEBUG:root:update consumers
DEBUG:root:Current consumers :
DEBUG:root:{}
DEBUG:root:Streams to consume :
DEBUG:root:[]
DEBUG:root:Final consumers :
DEBUG:root:{}
INFO:werkzeug:10.0.0.50 - - [05/Mar/2018 22:13:41] "POST /get_stream_data HTTP/1.1" 200 -
DEBUG:root:get stream data
DEBUG:root:variables :
DEBUG:root:[]
DEBUG:root:True
DEBUG:root:False
DEBUG:root:update consumers
DEBUG:root:Current consumers :
DEBUG:root:{}
DEBUG:root:Streams to consume :
DEBUG:root:[]
DEBUG:root:Final consumers :
DEBUG:root:{}
INFO:werkzeug:10.0.0.50 - - [05/Mar/2018 22:13:43] "POST /get_stream_data HTTP/1.1" 200 -
INFO:werkzeug:10.0.0.50 - - [05/Mar/2018 22:13:44] "GET /get_all_streams HTTP/1.1" 200 -
DEBUG:root:get stream data
DEBUG:root:variables :
DEBUG:root:[]
DEBUG:root:True
DEBUG:root:False
DEBUG:root:update consumers
DEBUG:root:Current consumers :
DEBUG:root:{}
DEBUG:root:Streams to consume :
DEBUG:root:[]
DEBUG:root:Final consumers :
DEBUG:root:{}
INFO:werkzeug:10.0.0.50 - - [05/Mar/2018 22:13:45] "POST /get_stream_data HTTP/1.1" 200 -
DEBUG:root:get stream data
DEBUG:root:variables :
DEBUG:root:[]
DEBUG:root:True
DEBUG:root:False
DEBUG:root:update consumers
DEBUG:root:Current consumers :
DEBUG:root:{}
DEBUG:root:Streams to consume :
DEBUG:root:[]
DEBUG:root:Final consumers :
DEBUG:root:{}
INFO:werkzeug:10.0.0.50 - - [05/Mar/2018 22:13:47] "POST /get_stream_data HTTP/1.1" 200 -
DEBUG:root:get stream data
DEBUG:root:variables :
DEBUG:root:[]
DEBUG:root:True
DEBUG:root:False
DEBUG:root:update consumers
DEBUG:root:Current consumers :
DEBUG:root:{}
DEBUG:root:Streams to consume :
DEBUG:root:[]
DEBUG:root:Final consumers :
DEBUG:root:{}
INFO:werkzeug:10.0.0.50 - - [05/Mar/2018 22:13:49] "POST /get_stream_data HTTP/1.1" 200 -
INFO:werkzeug:10.0.0.50 - - [05/Mar/2018 22:13:50] "GET /get_all_streams HTTP/1.1" 200 -
DEBUG:root:get stream data
DEBUG:root:variables :
DEBUG:root:[]
DEBUG:root:True
DEBUG:root:False
DEBUG:root:update consumers
DEBUG:root:Current consumers :
DEBUG:root:{}
DEBUG:root:Streams to consume :
DEBUG:root:[]
DEBUG:root:Final consumers :
DEBUG:root:{}
INFO:werkzeug:10.0.0.50 - - [05/Mar/2018 22:13:51] "POST /get_stream_data HTTP/1.1" 200 -
DEBUG:root:get stream data
DEBUG:root:variables :
DEBUG:root:[]
DEBUG:root:True
DEBUG:root:False
DEBUG:root:update consumers
DEBUG:root:Current consumers :
DEBUG:root:{}
DEBUG:root:Streams to consume :
DEBUG:root:[]
DEBUG:root:Final consumers :
DEBUG:root:{}
INFO:werkzeug:10.0.0.50 - - [05/Mar/2018 22:13:53] "POST /get_stream_data HTTP/1.1" 200 -
INFO:werkzeug:10.0.0.50 - - [05/Mar/2018 22:13:55] "GET /get_all_streams HTTP/1.1" 200 -
DEBUG:root:get stream data
DEBUG:root:variables :
DEBUG:root:[]
DEBUG:root:True
DEBUG:root:False
DEBUG:root:update consumers
DEBUG:root:Current consumers :
DEBUG:root:{}
DEBUG:root:Streams to consume :
DEBUG:root:[]
DEBUG:root:Final consumers :
DEBUG:root:{}
INFO:werkzeug:10.0.0.50 - - [05/Mar/2018 22:13:55] "POST /get_stream_data HTTP/1.1" 200 -
DEBUG:root:get stream data
DEBUG:root:variables :
DEBUG:root:[]
DEBUG:root:True
DEBUG:root:False
DEBUG:root:update consumers
DEBUG:root:Current consumers :
DEBUG:root:{}
DEBUG:root:Streams to consume :
DEBUG:root:[]
DEBUG:root:Final consumers :
DEBUG:root:{}
INFO:werkzeug:10.0.0.50 - - [05/Mar/2018 22:13:57] "POST /get_stream_data HTTP/1.1" 200 -
DEBUG:root:get stream data
DEBUG:root:variables :
DEBUG:root:[]
DEBUG:root:True
DEBUG:root:False
DEBUG:root:update consumers
DEBUG:root:Current consumers :
DEBUG:root:{}
DEBUG:root:Streams to consume :
DEBUG:root:[]
DEBUG:root:Final consumers :
DEBUG:root:{}
INFO:werkzeug:10.0.0.50 - - [05/Mar/2018 22:13:59] "POST /get_stream_data HTTP/1.1" 200 -
INFO:werkzeug:10.0.0.50 - - [05/Mar/2018 22:14:00] "GET /get_all_streams HTTP/1.1" 200 -
DEBUG:root:get stream data
DEBUG:root:variables :
DEBUG:root:[]
DEBUG:root:True
DEBUG:root:False
DEBUG:root:update consumers
DEBUG:root:Current consumers :
DEBUG:root:{}
DEBUG:root:Streams to consume :
DEBUG:root:[]
DEBUG:root:Final consumers :
DEBUG:root:{}
INFO:werkzeug:10.0.0.50 - - [05/Mar/2018 22:14:01] "POST /get_stream_data HTTP/1.1" 200 -
DEBUG:root:get stream data
DEBUG:root:variables :
DEBUG:root:[]
DEBUG:root:True
DEBUG:root:False
DEBUG:root:update consumers
DEBUG:root:Current consumers :
DEBUG:root:{}
DEBUG:root:Streams to consume :
DEBUG:root:[]
DEBUG:root:Final consumers :
DEBUG:root:{}
INFO:werkzeug:10.0.0.50 - - [05/Mar/2018 22:14:03] "POST /get_stream_data HTTP/1.1" 200 -
INFO:werkzeug:10.0.0.50 - - [05/Mar/2018 22:14:05] "GET /get_all_streams HTTP/1.1" 200 -
DEBUG:root:get stream data
DEBUG:root:variables :
DEBUG:root:[]
DEBUG:root:True
DEBUG:root:False
DEBUG:root:update consumers
DEBUG:root:Current consumers :
DEBUG:root:{}
DEBUG:root:Streams to consume :
DEBUG:root:[]
DEBUG:root:Final consumers :
DEBUG:root:{}
INFO:werkzeug:10.0.0.50 - - [05/Mar/2018 22:14:05] "POST /get_stream_data HTTP/1.1" 200 -
DEBUG:root:get stream data
DEBUG:root:variables :
DEBUG:root:[]
DEBUG:root:True
DEBUG:root:False
DEBUG:root:update consumers
DEBUG:root:Current consumers :
DEBUG:root:{}
DEBUG:root:Streams to consume :
DEBUG:root:[]
DEBUG:root:Final consumers :
DEBUG:root:{}
INFO:werkzeug:10.0.0.50 - - [05/Mar/2018 22:14:07] "POST /get_stream_data HTTP/1.1" 200 -
DEBUG:root:get stream data
DEBUG:root:variables :
DEBUG:root:[]
DEBUG:root:True
DEBUG:root:False
DEBUG:root:update consumers
DEBUG:root:Current consumers :
DEBUG:root:{}
DEBUG:root:Streams to consume :
DEBUG:root:[]
DEBUG:root:Final consumers :
DEBUG:root:{}
INFO:werkzeug:10.0.0.50 - - [05/Mar/2018 22:14:09] "POST /get_stream_data HTTP/1.1" 200 -
INFO:werkzeug:10.0.0.50 - - [05/Mar/2018 22:14:10] "GET /get_all_streams HTTP/1.1" 200 -
DEBUG:root:get stream data
DEBUG:root:variables :
DEBUG:root:[]
DEBUG:root:True
DEBUG:root:False
DEBUG:root:update consumers
DEBUG:root:Current consumers :
DEBUG:root:{}
DEBUG:root:Streams to consume :
DEBUG:root:[]
DEBUG:root:Final consumers :
DEBUG:root:{}
INFO:werkzeug:10.0.0.50 - - [05/Mar/2018 22:14:12] "POST /get_stream_data HTTP/1.1" 200 -
DEBUG:root:get stream data
DEBUG:root:variables :
DEBUG:root:[]
DEBUG:root:True
DEBUG:root:False
DEBUG:root:update consumers
DEBUG:root:Current consumers :
DEBUG:root:{}
DEBUG:root:Streams to consume :
DEBUG:root:[]
DEBUG:root:Final consumers :
DEBUG:root:{}
INFO:werkzeug:10.0.0.50 - - [05/Mar/2018 22:14:14] "POST /get_stream_data HTTP/1.1" 200 -
INFO:werkzeug:10.0.0.50 - - [05/Mar/2018 22:14:15] "GET /get_all_streams HTTP/1.1" 200 -
DEBUG:root:get stream data
DEBUG:root:variables :
DEBUG:root:[]
DEBUG:root:True
DEBUG:root:False
DEBUG:root:update consumers
DEBUG:root:Current consumers :
DEBUG:root:{}
DEBUG:root:Streams to consume :
DEBUG:root:[]
DEBUG:root:Final consumers :
DEBUG:root:{}
INFO:werkzeug:10.0.0.50 - - [05/Mar/2018 22:14:16] "POST /get_stream_data HTTP/1.1" 200 -
DEBUG:root:get stream data
DEBUG:root:variables :
DEBUG:root:[]
DEBUG:root:True
DEBUG:root:False
DEBUG:root:update consumers
DEBUG:root:Current consumers :
DEBUG:root:{}
DEBUG:root:Streams to consume :
DEBUG:root:[]
DEBUG:root:Final consumers :
DEBUG:root:{}
INFO:werkzeug:10.0.0.50 - - [05/Mar/2018 22:14:18] "POST /get_stream_data HTTP/1.1" 200 -
DEBUG:root:get stream data
DEBUG:root:variables :
DEBUG:root:[]
DEBUG:root:True
DEBUG:root:False
DEBUG:root:update consumers
DEBUG:root:Current consumers :
DEBUG:root:{}
DEBUG:root:Streams to consume :
DEBUG:root:[]
DEBUG:root:Final consumers :
DEBUG:root:{}
INFO:werkzeug:10.0.0.50 - - [05/Mar/2018 22:14:20] "POST /get_stream_data HTTP/1.1" 200 -
INFO:werkzeug:10.0.0.50 - - [05/Mar/2018 22:14:20] "GET /get_all_streams HTTP/1.1" 200 -
DEBUG:root:get stream data
DEBUG:root:variables :
DEBUG:root:[]
DEBUG:root:True
DEBUG:root:False
DEBUG:root:update consumers
DEBUG:root:Current consumers :
DEBUG:root:{}
DEBUG:root:Streams to consume :
DEBUG:root:[]
DEBUG:root:Final consumers :
DEBUG:root:{}
INFO:werkzeug:10.0.0.50 - - [05/Mar/2018 22:14:22] "POST /get_stream_data HTTP/1.1" 200 -
DEBUG:root:get stream data
DEBUG:root:variables :
DEBUG:root:[]
DEBUG:root:True
DEBUG:root:False
DEBUG:root:update consumers
DEBUG:root:Current consumers :
DEBUG:root:{}
DEBUG:root:Streams to consume :
DEBUG:root:[]
DEBUG:root:Final consumers :
DEBUG:root:{}
INFO:werkzeug:10.0.0.50 - - [05/Mar/2018 22:14:24] "POST /get_stream_data HTTP/1.1" 200 -
INFO:werkzeug:10.0.0.50 - - [05/Mar/2018 22:14:25] "GET /get_all_streams HTTP/1.1" 200 -
DEBUG:root:get stream data
DEBUG:root:variables :
DEBUG:root:[]
DEBUG:root:True
DEBUG:root:False
DEBUG:root:update consumers
DEBUG:root:Current consumers :
DEBUG:root:{}
DEBUG:root:Streams to consume :
DEBUG:root:[]
DEBUG:root:Final consumers :
DEBUG:root:{}
INFO:werkzeug:10.0.0.50 - - [05/Mar/2018 22:14:26] "POST /get_stream_data HTTP/1.1" 200 -
DEBUG:root:get stream data
DEBUG:root:variables :
DEBUG:root:[]
DEBUG:root:True
DEBUG:root:False
DEBUG:root:update consumers
DEBUG:root:Current consumers :
DEBUG:root:{}
DEBUG:root:Streams to consume :
DEBUG:root:[]
DEBUG:root:Final consumers :
DEBUG:root:{}
INFO:werkzeug:10.0.0.50 - - [05/Mar/2018 22:14:28] "POST /get_stream_data HTTP/1.1" 200 -
INFO:werkzeug:10.0.0.50 - - [05/Mar/2018 22:14:30] "GET /get_all_streams HTTP/1.1" 200 -
DEBUG:root:get stream data
DEBUG:root:variables :
DEBUG:root:[]
DEBUG:root:True
DEBUG:root:False
DEBUG:root:update consumers
DEBUG:root:Current consumers :
DEBUG:root:{}
DEBUG:root:Streams to consume :
DEBUG:root:[]
DEBUG:root:Final consumers :
DEBUG:root:{}
INFO:werkzeug:10.0.0.50 - - [05/Mar/2018 22:14:30] "POST /get_stream_data HTTP/1.1" 200 -
DEBUG:root:get stream data
DEBUG:root:variables :
DEBUG:root:[]
DEBUG:root:True
DEBUG:root:False
DEBUG:root:update consumers
DEBUG:root:Current consumers :
DEBUG:root:{}
DEBUG:root:Streams to consume :
DEBUG:root:[]
DEBUG:root:Final consumers :
DEBUG:root:{}
INFO:werkzeug:10.0.0.50 - - [05/Mar/2018 22:14:32] "POST /get_stream_data HTTP/1.1" 200 -
DEBUG:root:get stream data
DEBUG:root:variables :
DEBUG:root:[]
DEBUG:root:True
DEBUG:root:False
DEBUG:root:update consumers
DEBUG:root:Current consumers :
DEBUG:root:{}
DEBUG:root:Streams to consume :
DEBUG:root:[]
DEBUG:root:Final consumers :
DEBUG:root:{}
INFO:werkzeug:10.0.0.50 - - [05/Mar/2018 22:14:34] "POST /get_stream_data HTTP/1.1" 200 -
INFO:werkzeug:10.0.0.50 - - [05/Mar/2018 22:14:35] "GET /get_all_streams HTTP/1.1" 200 -
DEBUG:root:get stream data
DEBUG:root:variables :
DEBUG:root:[]
DEBUG:root:True
DEBUG:root:False
DEBUG:root:update consumers
DEBUG:root:Current consumers :
DEBUG:root:{}
DEBUG:root:Streams to consume :
DEBUG:root:[]
DEBUG:root:Final consumers :
DEBUG:root:{}
INFO:werkzeug:10.0.0.50 - - [05/Mar/2018 22:14:36] "POST /get_stream_data HTTP/1.1" 200 -
DEBUG:root:get stream data
DEBUG:root:variables :
DEBUG:root:[]
DEBUG:root:True
DEBUG:root:False
DEBUG:root:update consumers
DEBUG:root:Current consumers :
DEBUG:root:{}
DEBUG:root:Streams to consume :
DEBUG:root:[]
DEBUG:root:Final consumers :
DEBUG:root:{}
INFO:werkzeug:10.0.0.50 - - [05/Mar/2018 22:14:38] "POST /get_stream_data HTTP/1.1" 200 -
INFO:werkzeug:10.0.0.50 - - [05/Mar/2018 22:14:40] "GET /get_all_streams HTTP/1.1" 200 -
DEBUG:root:get stream data
DEBUG:root:variables :
DEBUG:root:[]
DEBUG:root:True
DEBUG:root:False
DEBUG:root:update consumers
DEBUG:root:Current consumers :
DEBUG:root:{}
DEBUG:root:Streams to consume :
DEBUG:root:[]
DEBUG:root:Final consumers :
DEBUG:root:{}
INFO:werkzeug:10.0.0.50 - - [05/Mar/2018 22:14:40] "POST /get_stream_data HTTP/1.1" 200 -
DEBUG:root:get stream data
DEBUG:root:variables :
DEBUG:root:[]
DEBUG:root:True
DEBUG:root:False
DEBUG:root:update consumers
DEBUG:root:Current consumers :
DEBUG:root:{}
DEBUG:root:Streams to consume :
DEBUG:root:[]
DEBUG:root:Final consumers :
DEBUG:root:{}
INFO:werkzeug:10.0.0.50 - - [05/Mar/2018 22:14:42] "POST /get_stream_data HTTP/1.1" 200 -
DEBUG:root:get stream data
DEBUG:root:variables :
DEBUG:root:[]
DEBUG:root:True
DEBUG:root:False
DEBUG:root:update consumers
DEBUG:root:Current consumers :
DEBUG:root:{}
DEBUG:root:Streams to consume :
DEBUG:root:[]
DEBUG:root:Final consumers :
DEBUG:root:{}
INFO:werkzeug:10.0.0.50 - - [05/Mar/2018 22:14:44] "POST /get_stream_data HTTP/1.1" 200 -
INFO:werkzeug:10.0.0.50 - - [05/Mar/2018 22:14:45] "GET /get_all_streams HTTP/1.1" 200 -
DEBUG:root:get stream data
DEBUG:root:variables :
DEBUG:root:[]
DEBUG:root:True
DEBUG:root:False
DEBUG:root:update consumers
DEBUG:root:Current consumers :
DEBUG:root:{}
DEBUG:root:Streams to consume :
DEBUG:root:[]
DEBUG:root:Final consumers :
DEBUG:root:{}
INFO:werkzeug:10.0.0.50 - - [05/Mar/2018 22:14:46] "POST /get_stream_data HTTP/1.1" 200 -
DEBUG:root:get stream data
DEBUG:root:variables :
DEBUG:root:[]
DEBUG:root:True
DEBUG:root:False
DEBUG:root:update consumers
DEBUG:root:Current consumers :
DEBUG:root:{}
DEBUG:root:Streams to consume :
DEBUG:root:[]
DEBUG:root:Final consumers :
DEBUG:root:{}
INFO:werkzeug:10.0.0.50 - - [05/Mar/2018 22:14:48] "POST /get_stream_data HTTP/1.1" 200 -
INFO:werkzeug:10.0.0.50 - - [05/Mar/2018 22:14:50] "GET /get_all_streams HTTP/1.1" 200 -
DEBUG:root:get stream data
DEBUG:root:variables :
DEBUG:root:[]
DEBUG:root:True
DEBUG:root:False
DEBUG:root:update consumers
DEBUG:root:Current consumers :
DEBUG:root:{}
DEBUG:root:Streams to consume :
DEBUG:root:[]
DEBUG:root:Final consumers :
DEBUG:root:{}
INFO:werkzeug:10.0.0.50 - - [05/Mar/2018 22:14:50] "POST /get_stream_data HTTP/1.1" 200 -
DEBUG:root:get stream data
DEBUG:root:variables :
DEBUG:root:[]
DEBUG:root:True
DEBUG:root:False
DEBUG:root:update consumers
DEBUG:root:Current consumers :
DEBUG:root:{}
DEBUG:root:Streams to consume :
DEBUG:root:[]
DEBUG:root:Final consumers :
DEBUG:root:{}
INFO:werkzeug:10.0.0.50 - - [05/Mar/2018 22:14:52] "POST /get_stream_data HTTP/1.1" 200 -
DEBUG:root:get stream data
DEBUG:root:variables :
DEBUG:root:[]
DEBUG:root:True
DEBUG:root:False
DEBUG:root:update consumers
DEBUG:root:Current consumers :
DEBUG:root:{}
DEBUG:root:Streams to consume :
DEBUG:root:[]
DEBUG:root:Final consumers :
DEBUG:root:{}
INFO:werkzeug:10.0.0.50 - - [05/Mar/2018 22:14:54] "POST /get_stream_data HTTP/1.1" 200 -
INFO:werkzeug:10.0.0.50 - - [05/Mar/2018 22:14:55] "GET /get_all_streams HTTP/1.1" 200 -
DEBUG:root:get stream data
DEBUG:root:variables :
DEBUG:root:[]
DEBUG:root:True
DEBUG:root:False
DEBUG:root:update consumers
DEBUG:root:Current consumers :
DEBUG:root:{}
DEBUG:root:Streams to consume :
DEBUG:root:[]
DEBUG:root:Final consumers :
DEBUG:root:{}
INFO:werkzeug:10.0.0.50 - - [05/Mar/2018 22:14:56] "POST /get_stream_data HTTP/1.1" 200 -
DEBUG:root:get stream data
DEBUG:root:variables :
DEBUG:root:[]
DEBUG:root:True
DEBUG:root:False
DEBUG:root:update consumers
DEBUG:root:Current consumers :
DEBUG:root:{}
DEBUG:root:Streams to consume :
DEBUG:root:[]
DEBUG:root:Final consumers :
DEBUG:root:{}
INFO:werkzeug:10.0.0.50 - - [05/Mar/2018 22:14:58] "POST /get_stream_data HTTP/1.1" 200 -
INFO:werkzeug:10.0.0.50 - - [05/Mar/2018 22:15:00] "GET /get_all_streams HTTP/1.1" 200 -
DEBUG:root:get stream data
DEBUG:root:variables :
DEBUG:root:[]
DEBUG:root:True
DEBUG:root:False
DEBUG:root:update consumers
DEBUG:root:Current consumers :
DEBUG:root:{}
DEBUG:root:Streams to consume :
DEBUG:root:[]
DEBUG:root:Final consumers :
DEBUG:root:{}
INFO:werkzeug:10.0.0.50 - - [05/Mar/2018 22:15:00] "POST /get_stream_data HTTP/1.1" 200 -
DEBUG:root:get stream data
DEBUG:root:variables :
DEBUG:root:[]
DEBUG:root:True
DEBUG:root:False
DEBUG:root:update consumers
DEBUG:root:Current consumers :
DEBUG:root:{}
DEBUG:root:Streams to consume :
DEBUG:root:[]
DEBUG:root:Final consumers :
DEBUG:root:{}
INFO:werkzeug:10.0.0.50 - - [05/Mar/2018 22:15:02] "POST /get_stream_data HTTP/1.1" 200 -
DEBUG:root:get stream data
DEBUG:root:variables :
DEBUG:root:[]
DEBUG:root:True
DEBUG:root:False
DEBUG:root:update consumers
DEBUG:root:Current consumers :
DEBUG:root:{}
DEBUG:root:Streams to consume :
DEBUG:root:[]
DEBUG:root:Final consumers :
DEBUG:root:{}
INFO:werkzeug:10.0.0.50 - - [05/Mar/2018 22:15:04] "POST /get_stream_data HTTP/1.1" 200 -
INFO:werkzeug:10.0.0.50 - - [05/Mar/2018 22:15:05] "GET /get_all_streams HTTP/1.1" 200 -
DEBUG:root:get stream data
DEBUG:root:variables :
DEBUG:root:[]
DEBUG:root:True
DEBUG:root:False
DEBUG:root:update consumers
DEBUG:root:Current consumers :
DEBUG:root:{}
DEBUG:root:Streams to consume :
DEBUG:root:[]
DEBUG:root:Final consumers :
DEBUG:root:{}
INFO:werkzeug:10.0.0.50 - - [05/Mar/2018 22:15:06] "POST /get_stream_data HTTP/1.1" 200 -
DEBUG:root:get stream data
DEBUG:root:variables :
DEBUG:root:[]
DEBUG:root:True
DEBUG:root:False
DEBUG:root:update consumers
DEBUG:root:Current consumers :
DEBUG:root:{}
DEBUG:root:Streams to consume :
DEBUG:root:[]
DEBUG:root:Final consumers :
DEBUG:root:{}
INFO:werkzeug:10.0.0.50 - - [05/Mar/2018 22:15:08] "POST /get_stream_data HTTP/1.1" 200 -
INFO:werkzeug:10.0.0.50 - - [05/Mar/2018 22:15:10] "GET /get_all_streams HTTP/1.1" 200 -
DEBUG:root:get stream data
DEBUG:root:variables :
DEBUG:root:[]
DEBUG:root:True
DEBUG:root:False
DEBUG:root:update consumers
DEBUG:root:Current consumers :
DEBUG:root:{}
DEBUG:root:Streams to consume :
DEBUG:root:[]
DEBUG:root:Final consumers :
DEBUG:root:{}
INFO:werkzeug:10.0.0.50 - - [05/Mar/2018 22:15:10] "POST /get_stream_data HTTP/1.1" 200 -
DEBUG:root:get stream data
DEBUG:root:variables :
DEBUG:root:[]
DEBUG:root:True
DEBUG:root:False
DEBUG:root:update consumers
DEBUG:root:Current consumers :
DEBUG:root:{}
DEBUG:root:Streams to consume :
DEBUG:root:[]
DEBUG:root:Final consumers :
DEBUG:root:{}
INFO:werkzeug:10.0.0.50 - - [05/Mar/2018 22:15:12] "POST /get_stream_data HTTP/1.1" 200 -
DEBUG:root:get stream data
DEBUG:root:variables :
DEBUG:root:[]
DEBUG:root:True
DEBUG:root:False
DEBUG:root:update consumers
DEBUG:root:Current consumers :
DEBUG:root:{}
DEBUG:root:Streams to consume :
DEBUG:root:[]
DEBUG:root:Final consumers :
DEBUG:root:{}
INFO:werkzeug:10.0.0.50 - - [05/Mar/2018 22:15:14] "POST /get_stream_data HTTP/1.1" 200 -
INFO:werkzeug:10.0.0.50 - - [05/Mar/2018 22:15:15] "GET /get_all_streams HTTP/1.1" 200 -
DEBUG:root:get stream data
DEBUG:root:variables :
DEBUG:root:[]
DEBUG:root:True
DEBUG:root:False
DEBUG:root:update consumers
DEBUG:root:Current consumers :
DEBUG:root:{}
DEBUG:root:Streams to consume :
DEBUG:root:[]
DEBUG:root:Final consumers :
DEBUG:root:{}
INFO:werkzeug:10.0.0.50 - - [05/Mar/2018 22:15:16] "POST /get_stream_data HTTP/1.1" 200 -
DEBUG:root:get stream data
DEBUG:root:variables :
DEBUG:root:[]
DEBUG:root:True
DEBUG:root:False
DEBUG:root:update consumers
DEBUG:root:Current consumers :
DEBUG:root:{}
DEBUG:root:Streams to consume :
DEBUG:root:[]
DEBUG:root:Final consumers :
DEBUG:root:{}
INFO:werkzeug:10.0.0.50 - - [05/Mar/2018 22:15:18] "POST /get_stream_data HTTP/1.1" 200 -
INFO:werkzeug:10.0.0.50 - - [05/Mar/2018 22:15:20] "GET /get_all_streams HTTP/1.1" 200 -
DEBUG:root:get stream data
DEBUG:root:variables :
DEBUG:root:[]
DEBUG:root:True
DEBUG:root:False
DEBUG:root:update consumers
DEBUG:root:Current consumers :
DEBUG:root:{}
DEBUG:root:Streams to consume :
DEBUG:root:[]
DEBUG:root:Final consumers :
DEBUG:root:{}
INFO:werkzeug:10.0.0.50 - - [05/Mar/2018 22:15:20] "POST /get_stream_data HTTP/1.1" 200 -
DEBUG:root:get stream data
DEBUG:root:variables :
DEBUG:root:[]
DEBUG:root:True
DEBUG:root:False
DEBUG:root:update consumers
DEBUG:root:Current consumers :
DEBUG:root:{}
DEBUG:root:Streams to consume :
DEBUG:root:[]
DEBUG:root:Final consumers :
DEBUG:root:{}
INFO:werkzeug:10.0.0.50 - - [05/Mar/2018 22:15:22] "POST /get_stream_data HTTP/1.1" 200 -
DEBUG:root:get stream data
DEBUG:root:variables :
DEBUG:root:[]
DEBUG:root:True
DEBUG:root:False
DEBUG:root:update consumers
DEBUG:root:Current consumers :
DEBUG:root:{}
DEBUG:root:Streams to consume :
DEBUG:root:[]
DEBUG:root:Final consumers :
DEBUG:root:{}
INFO:werkzeug:10.0.0.50 - - [05/Mar/2018 22:15:24] "POST /get_stream_data HTTP/1.1" 200 -
INFO:werkzeug:10.0.0.50 - - [05/Mar/2018 22:15:25] "GET /get_all_streams HTTP/1.1" 200 -
DEBUG:root:get stream data
DEBUG:root:variables :
DEBUG:root:[]
DEBUG:root:True
DEBUG:root:False
DEBUG:root:update consumers
DEBUG:root:Current consumers :
DEBUG:root:{}
DEBUG:root:Streams to consume :
DEBUG:root:[]
DEBUG:root:Final consumers :
DEBUG:root:{}
INFO:werkzeug:10.0.0.50 - - [05/Mar/2018 22:15:26] "POST /get_stream_data HTTP/1.1" 200 -
DEBUG:root:get stream data
DEBUG:root:variables :
DEBUG:root:[]
DEBUG:root:True
DEBUG:root:False
DEBUG:root:update consumers
DEBUG:root:Current consumers :
DEBUG:root:{}
DEBUG:root:Streams to consume :
DEBUG:root:[]
DEBUG:root:Final consumers :
DEBUG:root:{}
INFO:werkzeug:10.0.0.50 - - [05/Mar/2018 22:15:28] "POST /get_stream_data HTTP/1.1" 200 -
INFO:werkzeug:10.0.0.50 - - [05/Mar/2018 22:15:30] "GET /get_all_streams HTTP/1.1" 200 -
DEBUG:root:get stream data
DEBUG:root:variables :
DEBUG:root:[]
DEBUG:root:True
DEBUG:root:False
DEBUG:root:update consumers
DEBUG:root:Current consumers :
DEBUG:root:{}
DEBUG:root:Streams to consume :
DEBUG:root:[]
DEBUG:root:Final consumers :
DEBUG:root:{}
INFO:werkzeug:10.0.0.50 - - [05/Mar/2018 22:15:30] "POST /get_stream_data HTTP/1.1" 200 -
DEBUG:root:get stream data
DEBUG:root:variables :
DEBUG:root:[]
DEBUG:root:True
DEBUG:root:False
DEBUG:root:update consumers
DEBUG:root:Current consumers :
DEBUG:root:{}
DEBUG:root:Streams to consume :
DEBUG:root:[]
DEBUG:root:Final consumers :
DEBUG:root:{}
INFO:werkzeug:10.0.0.50 - - [05/Mar/2018 22:15:32] "POST /get_stream_data HTTP/1.1" 200 -
DEBUG:root:get stream data
DEBUG:root:variables :
DEBUG:root:[]
DEBUG:root:True
DEBUG:root:False
DEBUG:root:update consumers
DEBUG:root:Current consumers :
DEBUG:root:{}
DEBUG:root:Streams to consume :
DEBUG:root:[]
DEBUG:root:Final consumers :
DEBUG:root:{}
INFO:werkzeug:10.0.0.50 - - [05/Mar/2018 22:15:34] "POST /get_stream_data HTTP/1.1" 200 -
INFO:werkzeug:10.0.0.50 - - [05/Mar/2018 22:15:35] "GET /get_all_streams HTTP/1.1" 200 -
DEBUG:root:get stream data
DEBUG:root:variables :
DEBUG:root:[]
DEBUG:root:True
DEBUG:root:False
DEBUG:root:update consumers
DEBUG:root:Current consumers :
DEBUG:root:{}
DEBUG:root:Streams to consume :
DEBUG:root:[]
DEBUG:root:Final consumers :
DEBUG:root:{}
INFO:werkzeug:10.0.0.50 - - [05/Mar/2018 22:15:36] "POST /get_stream_data HTTP/1.1" 200 -
DEBUG:root:get stream data
DEBUG:root:variables :
DEBUG:root:[]
DEBUG:root:True
DEBUG:root:False
DEBUG:root:update consumers
DEBUG:root:Current consumers :
DEBUG:root:{}
DEBUG:root:Streams to consume :
DEBUG:root:[]
DEBUG:root:Final consumers :
DEBUG:root:{}
INFO:werkzeug:10.0.0.50 - - [05/Mar/2018 22:15:38] "POST /get_stream_data HTTP/1.1" 200 -
INFO:werkzeug:10.0.0.50 - - [05/Mar/2018 22:15:40] "GET /get_all_streams HTTP/1.1" 200 -
DEBUG:root:get stream data
DEBUG:root:variables :
DEBUG:root:[]
DEBUG:root:True
DEBUG:root:False
DEBUG:root:update consumers
DEBUG:root:Current consumers :
DEBUG:root:{}
DEBUG:root:Streams to consume :
DEBUG:root:[]
DEBUG:root:Final consumers :
DEBUG:root:{}
INFO:werkzeug:10.0.0.50 - - [05/Mar/2018 22:15:40] "POST /get_stream_data HTTP/1.1" 200 -
DEBUG:root:get stream data
DEBUG:root:variables :
DEBUG:root:[]
DEBUG:root:True
DEBUG:root:False
DEBUG:root:update consumers
DEBUG:root:Current consumers :
DEBUG:root:{}
DEBUG:root:Streams to consume :
DEBUG:root:[]
DEBUG:root:Final consumers :
DEBUG:root:{}
INFO:werkzeug:10.0.0.50 - - [05/Mar/2018 22:15:42] "POST /get_stream_data HTTP/1.1" 200 -
DEBUG:root:get stream data
DEBUG:root:variables :
DEBUG:root:[]
DEBUG:root:True
DEBUG:root:False
DEBUG:root:update consumers
DEBUG:root:Current consumers :
DEBUG:root:{}
DEBUG:root:Streams to consume :
DEBUG:root:[]
DEBUG:root:Final consumers :
DEBUG:root:{}
INFO:werkzeug:10.0.0.50 - - [05/Mar/2018 22:15:44] "POST /get_stream_data HTTP/1.1" 200 -
INFO:werkzeug:10.0.0.50 - - [05/Mar/2018 22:15:45] "GET /get_all_streams HTTP/1.1" 200 -
DEBUG:root:get stream data
DEBUG:root:variables :
DEBUG:root:[]
DEBUG:root:True
DEBUG:root:False
DEBUG:root:update consumers
DEBUG:root:Current consumers :
DEBUG:root:{}
DEBUG:root:Streams to consume :
DEBUG:root:[]
DEBUG:root:Final consumers :
DEBUG:root:{}
INFO:werkzeug:10.0.0.50 - - [05/Mar/2018 22:15:46] "POST /get_stream_data HTTP/1.1" 200 -
DEBUG:root:get stream data
DEBUG:root:variables :
DEBUG:root:[]
DEBUG:root:True
DEBUG:root:False
DEBUG:root:update consumers
DEBUG:root:Current consumers :
DEBUG:root:{}
DEBUG:root:Streams to consume :
DEBUG:root:[]
DEBUG:root:Final consumers :
DEBUG:root:{}
INFO:werkzeug:10.0.0.50 - - [05/Mar/2018 22:15:48] "POST /get_stream_data HTTP/1.1" 200 -
INFO:werkzeug:10.0.0.50 - - [05/Mar/2018 22:15:50] "GET /get_all_streams HTTP/1.1" 200 -
DEBUG:root:get stream data
DEBUG:root:variables :
DEBUG:root:[]
DEBUG:root:True
DEBUG:root:False
DEBUG:root:update consumers
DEBUG:root:Current consumers :
DEBUG:root:{}
DEBUG:root:Streams to consume :
DEBUG:root:[]
DEBUG:root:Final consumers :
DEBUG:root:{}
INFO:werkzeug:10.0.0.50 - - [05/Mar/2018 22:15:50] "POST /get_stream_data HTTP/1.1" 200 -
DEBUG:root:get stream data
DEBUG:root:variables :
DEBUG:root:[]
DEBUG:root:True
DEBUG:root:False
DEBUG:root:update consumers
DEBUG:root:Current consumers :
DEBUG:root:{}
DEBUG:root:Streams to consume :
DEBUG:root:[]
DEBUG:root:Final consumers :
DEBUG:root:{}
INFO:werkzeug:10.0.0.50 - - [05/Mar/2018 22:15:52] "POST /get_stream_data HTTP/1.1" 200 -
DEBUG:root:get stream data
DEBUG:root:variables :
DEBUG:root:[]
DEBUG:root:True
DEBUG:root:False
DEBUG:root:update consumers
DEBUG:root:Current consumers :
DEBUG:root:{}
DEBUG:root:Streams to consume :
DEBUG:root:[]
DEBUG:root:Final consumers :
DEBUG:root:{}
INFO:werkzeug:10.0.0.50 - - [05/Mar/2018 22:15:54] "POST /get_stream_data HTTP/1.1" 200 -
INFO:werkzeug:10.0.0.50 - - [05/Mar/2018 22:15:55] "GET /get_all_streams HTTP/1.1" 200 -
DEBUG:root:get stream data
DEBUG:root:variables :
DEBUG:root:[]
DEBUG:root:True
DEBUG:root:False
DEBUG:root:update consumers
DEBUG:root:Current consumers :
DEBUG:root:{}
DEBUG:root:Streams to consume :
DEBUG:root:[]
DEBUG:root:Final consumers :
DEBUG:root:{}
INFO:werkzeug:10.0.0.50 - - [05/Mar/2018 22:15:56] "POST /get_stream_data HTTP/1.1" 200 -
DEBUG:root:get stream data
DEBUG:root:variables :
DEBUG:root:[]
DEBUG:root:True
DEBUG:root:False
DEBUG:root:update consumers
DEBUG:root:Current consumers :
DEBUG:root:{}
DEBUG:root:Streams to consume :
DEBUG:root:[]
DEBUG:root:Final consumers :
DEBUG:root:{}
INFO:werkzeug:10.0.0.50 - - [05/Mar/2018 22:15:58] "POST /get_stream_data HTTP/1.1" 200 -
INFO:werkzeug:10.0.0.50 - - [05/Mar/2018 22:16:00] "GET /get_all_streams HTTP/1.1" 200 -
DEBUG:root:get stream data
DEBUG:root:variables :
DEBUG:root:[]
DEBUG:root:True
DEBUG:root:False
DEBUG:root:update consumers
DEBUG:root:Current consumers :
DEBUG:root:{}
DEBUG:root:Streams to consume :
DEBUG:root:[]
DEBUG:root:Final consumers :
DEBUG:root:{}
INFO:werkzeug:10.0.0.50 - - [05/Mar/2018 22:16:00] "POST /get_stream_data HTTP/1.1" 200 -
DEBUG:root:get stream data
DEBUG:root:variables :
DEBUG:root:[]
DEBUG:root:True
DEBUG:root:False
DEBUG:root:update consumers
DEBUG:root:Current consumers :
DEBUG:root:{}
DEBUG:root:Streams to consume :
DEBUG:root:[]
DEBUG:root:Final consumers :
DEBUG:root:{}
INFO:werkzeug:10.0.0.50 - - [05/Mar/2018 22:16:02] "POST /get_stream_data HTTP/1.1" 200 -
DEBUG:root:get stream data
DEBUG:root:variables :
DEBUG:root:[]
DEBUG:root:True
DEBUG:root:False
DEBUG:root:update consumers
DEBUG:root:Current consumers :
DEBUG:root:{}
DEBUG:root:Streams to consume :
DEBUG:root:[]
DEBUG:root:Final consumers :
DEBUG:root:{}
INFO:werkzeug:10.0.0.50 - - [05/Mar/2018 22:16:04] "POST /get_stream_data HTTP/1.1" 200 -
INFO:werkzeug:10.0.0.50 - - [05/Mar/2018 22:16:05] "GET /get_all_streams HTTP/1.1" 200 -
DEBUG:root:get stream data
DEBUG:root:variables :
DEBUG:root:[]
DEBUG:root:True
DEBUG:root:False
DEBUG:root:update consumers
DEBUG:root:Current consumers :
DEBUG:root:{}
DEBUG:root:Streams to consume :
DEBUG:root:[]
DEBUG:root:Final consumers :
DEBUG:root:{}
INFO:werkzeug:10.0.0.50 - - [05/Mar/2018 22:16:07] "POST /get_stream_data HTTP/1.1" 200 -
DEBUG:root:get stream data
DEBUG:root:variables :
DEBUG:root:[]
DEBUG:root:True
DEBUG:root:False
DEBUG:root:update consumers
DEBUG:root:Current consumers :
DEBUG:root:{}
DEBUG:root:Streams to consume :
DEBUG:root:[]
DEBUG:root:Final consumers :
DEBUG:root:{}
INFO:werkzeug:10.0.0.50 - - [05/Mar/2018 22:16:09] "POST /get_stream_data HTTP/1.1" 200 -
INFO:werkzeug:10.0.0.50 - - [05/Mar/2018 22:16:10] "GET /get_all_streams HTTP/1.1" 200 -
DEBUG:root:get stream data
DEBUG:root:variables :
DEBUG:root:[]
DEBUG:root:True
DEBUG:root:False
DEBUG:root:update consumers
DEBUG:root:Current consumers :
DEBUG:root:{}
DEBUG:root:Streams to consume :
DEBUG:root:[]
DEBUG:root:Final consumers :
DEBUG:root:{}
INFO:werkzeug:10.0.0.50 - - [05/Mar/2018 22:16:11] "POST /get_stream_data HTTP/1.1" 200 -
DEBUG:root:get stream data
DEBUG:root:variables :
DEBUG:root:[]
DEBUG:root:True
DEBUG:root:False
DEBUG:root:update consumers
DEBUG:root:Current consumers :
DEBUG:root:{}
DEBUG:root:Streams to consume :
DEBUG:root:[]
DEBUG:root:Final consumers :
DEBUG:root:{}
INFO:werkzeug:10.0.0.50 - - [05/Mar/2018 22:16:13] "POST /get_stream_data HTTP/1.1" 200 -
DEBUG:root:get stream data
DEBUG:root:variables :
DEBUG:root:[]
DEBUG:root:True
DEBUG:root:False
DEBUG:root:update consumers
DEBUG:root:Current consumers :
DEBUG:root:{}
DEBUG:root:Streams to consume :
DEBUG:root:[]
DEBUG:root:Final consumers :
DEBUG:root:{}
INFO:werkzeug:10.0.0.50 - - [05/Mar/2018 22:16:15] "POST /get_stream_data HTTP/1.1" 200 -
INFO:werkzeug:10.0.0.50 - - [05/Mar/2018 22:16:15] "GET /get_all_streams HTTP/1.1" 200 -
DEBUG:root:get stream data
DEBUG:root:variables :
DEBUG:root:[]
DEBUG:root:True
DEBUG:root:False
DEBUG:root:update consumers
DEBUG:root:Current consumers :
DEBUG:root:{}
DEBUG:root:Streams to consume :
DEBUG:root:[]
DEBUG:root:Final consumers :
DEBUG:root:{}
INFO:werkzeug:10.0.0.50 - - [05/Mar/2018 22:16:17] "POST /get_stream_data HTTP/1.1" 200 -
DEBUG:root:get stream data
DEBUG:root:variables :
DEBUG:root:[]
DEBUG:root:True
DEBUG:root:False
DEBUG:root:update consumers
DEBUG:root:Current consumers :
DEBUG:root:{}
DEBUG:root:Streams to consume :
DEBUG:root:[]
DEBUG:root:Final consumers :
DEBUG:root:{}
INFO:werkzeug:10.0.0.50 - - [05/Mar/2018 22:16:19] "POST /get_stream_data HTTP/1.1" 200 -
INFO:werkzeug:10.0.0.50 - - [05/Mar/2018 22:16:20] "GET /get_all_streams HTTP/1.1" 200 -
DEBUG:root:get stream data
DEBUG:root:variables :
DEBUG:root:[]
DEBUG:root:True
DEBUG:root:False
DEBUG:root:update consumers
DEBUG:root:Current consumers :
DEBUG:root:{}
DEBUG:root:Streams to consume :
DEBUG:root:[]
DEBUG:root:Final consumers :
DEBUG:root:{}
INFO:werkzeug:10.0.0.50 - - [05/Mar/2018 22:16:21] "POST /get_stream_data HTTP/1.1" 200 -
DEBUG:root:get stream data
DEBUG:root:variables :
DEBUG:root:[]
DEBUG:root:True
DEBUG:root:False
DEBUG:root:update consumers
DEBUG:root:Current consumers :
DEBUG:root:{}
DEBUG:root:Streams to consume :
DEBUG:root:[]
DEBUG:root:Final consumers :
DEBUG:root:{}
INFO:werkzeug:10.0.0.50 - - [05/Mar/2018 22:16:23] "POST /get_stream_data HTTP/1.1" 200 -
DEBUG:root:get stream data
DEBUG:root:variables :
DEBUG:root:[]
DEBUG:root:True
DEBUG:root:False
DEBUG:root:update consumers
DEBUG:root:Current consumers :
DEBUG:root:{}
DEBUG:root:Streams to consume :
DEBUG:root:[]
DEBUG:root:Final consumers :
DEBUG:root:{}
INFO:werkzeug:10.0.0.50 - - [05/Mar/2018 22:16:25] "POST /get_stream_data HTTP/1.1" 200 -
INFO:werkzeug:10.0.0.50 - - [05/Mar/2018 22:16:25] "GET /get_all_streams HTTP/1.1" 200 -
DEBUG:root:get stream data
DEBUG:root:variables :
DEBUG:root:[]
DEBUG:root:True
DEBUG:root:False
DEBUG:root:update consumers
DEBUG:root:Current consumers :
DEBUG:root:{}
DEBUG:root:Streams to consume :
DEBUG:root:[]
DEBUG:root:Final consumers :
DEBUG:root:{}
INFO:werkzeug:10.0.0.50 - - [05/Mar/2018 22:16:27] "POST /get_stream_data HTTP/1.1" 200 -
DEBUG:root:get stream data
DEBUG:root:variables :
DEBUG:root:[]
DEBUG:root:True
DEBUG:root:False
DEBUG:root:update consumers
DEBUG:root:Current consumers :
DEBUG:root:{}
DEBUG:root:Streams to consume :
DEBUG:root:[]
DEBUG:root:Final consumers :
DEBUG:root:{}
INFO:werkzeug:10.0.0.50 - - [05/Mar/2018 22:16:29] "POST /get_stream_data HTTP/1.1" 200 -
INFO:werkzeug:10.0.0.50 - - [05/Mar/2018 22:16:30] "GET /get_all_streams HTTP/1.1" 200 -
DEBUG:root:get stream data
DEBUG:root:variables :
DEBUG:root:[]
DEBUG:root:True
DEBUG:root:False
DEBUG:root:update consumers
DEBUG:root:Current consumers :
DEBUG:root:{}
DEBUG:root:Streams to consume :
DEBUG:root:[]
DEBUG:root:Final consumers :
DEBUG:root:{}
INFO:werkzeug:10.0.0.50 - - [05/Mar/2018 22:16:31] "POST /get_stream_data HTTP/1.1" 200 -
DEBUG:root:get stream data
DEBUG:root:variables :
DEBUG:root:[]
DEBUG:root:True
DEBUG:root:False
DEBUG:root:update consumers
DEBUG:root:Current consumers :
DEBUG:root:{}
DEBUG:root:Streams to consume :
DEBUG:root:[]
DEBUG:root:Final consumers :
DEBUG:root:{}
INFO:werkzeug:10.0.0.50 - - [05/Mar/2018 22:16:33] "POST /get_stream_data HTTP/1.1" 200 -
DEBUG:root:get stream data
DEBUG:root:variables :
DEBUG:root:[]
DEBUG:root:True
DEBUG:root:False
DEBUG:root:update consumers
DEBUG:root:Current consumers :
DEBUG:root:{}
DEBUG:root:Streams to consume :
DEBUG:root:[]
DEBUG:root:Final consumers :
DEBUG:root:{}
INFO:werkzeug:10.0.0.50 - - [05/Mar/2018 22:16:35] "POST /get_stream_data HTTP/1.1" 200 -
INFO:werkzeug:10.0.0.50 - - [05/Mar/2018 22:16:35] "GET /get_all_streams HTTP/1.1" 200 -
DEBUG:root:get stream data
DEBUG:root:variables :
DEBUG:root:[]
DEBUG:root:True
DEBUG:root:False
DEBUG:root:update consumers
DEBUG:root:Current consumers :
DEBUG:root:{}
DEBUG:root:Streams to consume :
DEBUG:root:[]
DEBUG:root:Final consumers :
DEBUG:root:{}
INFO:werkzeug:10.0.0.50 - - [05/Mar/2018 22:16:37] "POST /get_stream_data HTTP/1.1" 200 -
DEBUG:root:get stream data
DEBUG:root:variables :
DEBUG:root:[]
DEBUG:root:True
DEBUG:root:False
DEBUG:root:update consumers
DEBUG:root:Current consumers :
DEBUG:root:{}
DEBUG:root:Streams to consume :
DEBUG:root:[]
DEBUG:root:Final consumers :
DEBUG:root:{}
INFO:werkzeug:10.0.0.50 - - [05/Mar/2018 22:16:39] "POST /get_stream_data HTTP/1.1" 200 -
INFO:werkzeug:10.0.0.50 - - [05/Mar/2018 22:16:40] "GET /get_all_streams HTTP/1.1" 200 -
DEBUG:root:get stream data
DEBUG:root:variables :
DEBUG:root:[]
DEBUG:root:True
DEBUG:root:False
DEBUG:root:update consumers
DEBUG:root:Current consumers :
DEBUG:root:{}
DEBUG:root:Streams to consume :
DEBUG:root:[]
DEBUG:root:Final consumers :
DEBUG:root:{}
INFO:werkzeug:10.0.0.50 - - [05/Mar/2018 22:16:41] "POST /get_stream_data HTTP/1.1" 200 -
DEBUG:root:get stream data
DEBUG:root:variables :
DEBUG:root:[]
DEBUG:root:True
DEBUG:root:False
DEBUG:root:update consumers
DEBUG:root:Current consumers :
DEBUG:root:{}
DEBUG:root:Streams to consume :
DEBUG:root:[]
DEBUG:root:Final consumers :
DEBUG:root:{}
INFO:werkzeug:10.0.0.50 - - [05/Mar/2018 22:16:43] "POST /get_stream_data HTTP/1.1" 200 -
DEBUG:root:get stream data
DEBUG:root:variables :
DEBUG:root:[]
DEBUG:root:True
DEBUG:root:False
DEBUG:root:update consumers
DEBUG:root:Current consumers :
DEBUG:root:{}
DEBUG:root:Streams to consume :
DEBUG:root:[]
DEBUG:root:Final consumers :
DEBUG:root:{}
INFO:werkzeug:10.0.0.50 - - [05/Mar/2018 22:16:45] "POST /get_stream_data HTTP/1.1" 200 -
INFO:werkzeug:10.0.0.50 - - [05/Mar/2018 22:16:45] "GET /get_all_streams HTTP/1.1" 200 -
DEBUG:root:get stream data
DEBUG:root:variables :
DEBUG:root:[]
DEBUG:root:True
DEBUG:root:False
DEBUG:root:update consumers
DEBUG:root:Current consumers :
DEBUG:root:{}
DEBUG:root:Streams to consume :
DEBUG:root:[]
DEBUG:root:Final consumers :
DEBUG:root:{}
INFO:werkzeug:10.0.0.50 - - [05/Mar/2018 22:16:47] "POST /get_stream_data HTTP/1.1" 200 -
DEBUG:root:get stream data
DEBUG:root:variables :
DEBUG:root:[]
DEBUG:root:True
DEBUG:root:False
DEBUG:root:update consumers
DEBUG:root:Current consumers :
DEBUG:root:{}
DEBUG:root:Streams to consume :
DEBUG:root:[]
DEBUG:root:Final consumers :
DEBUG:root:{}
INFO:werkzeug:10.0.0.50 - - [05/Mar/2018 22:16:49] "POST /get_stream_data HTTP/1.1" 200 -
INFO:werkzeug:10.0.0.50 - - [05/Mar/2018 22:16:50] "GET /get_all_streams HTTP/1.1" 200 -
DEBUG:root:get stream data
DEBUG:root:variables :
DEBUG:root:[]
DEBUG:root:True
DEBUG:root:False
DEBUG:root:update consumers
DEBUG:root:Current consumers :
DEBUG:root:{}
DEBUG:root:Streams to consume :
DEBUG:root:[]
DEBUG:root:Final consumers :
DEBUG:root:{}
INFO:werkzeug:10.0.0.50 - - [05/Mar/2018 22:16:51] "POST /get_stream_data HTTP/1.1" 200 -
DEBUG:root:get stream data
DEBUG:root:variables :
DEBUG:root:[]
DEBUG:root:True
DEBUG:root:False
DEBUG:root:update consumers
DEBUG:root:Current consumers :
DEBUG:root:{}
DEBUG:root:Streams to consume :
DEBUG:root:[]
DEBUG:root:Final consumers :
DEBUG:root:{}
INFO:werkzeug:10.0.0.50 - - [05/Mar/2018 22:16:53] "POST /get_stream_data HTTP/1.1" 200 -
DEBUG:root:get stream data
DEBUG:root:variables :
DEBUG:root:[]
DEBUG:root:True
DEBUG:root:False
DEBUG:root:update consumers
DEBUG:root:Current consumers :
DEBUG:root:{}
DEBUG:root:Streams to consume :
DEBUG:root:[]
DEBUG:root:Final consumers :
DEBUG:root:{}
INFO:werkzeug:10.0.0.50 - - [05/Mar/2018 22:16:55] "POST /get_stream_data HTTP/1.1" 200 -
INFO:werkzeug:10.0.0.50 - - [05/Mar/2018 22:16:55] "GET /get_all_streams HTTP/1.1" 200 -
DEBUG:root:get stream data
DEBUG:root:variables :
DEBUG:root:[]
DEBUG:root:True
DEBUG:root:False
DEBUG:root:update consumers
DEBUG:root:Current consumers :
DEBUG:root:{}
DEBUG:root:Streams to consume :
DEBUG:root:[]
DEBUG:root:Final consumers :
DEBUG:root:{}
INFO:werkzeug:10.0.0.50 - - [05/Mar/2018 22:16:57] "POST /get_stream_data HTTP/1.1" 200 -
DEBUG:root:get stream data
DEBUG:root:variables :
DEBUG:root:[]
DEBUG:root:True
DEBUG:root:False
DEBUG:root:update consumers
DEBUG:root:Current consumers :
DEBUG:root:{}
DEBUG:root:Streams to consume :
DEBUG:root:[]
DEBUG:root:Final consumers :
DEBUG:root:{}
INFO:werkzeug:10.0.0.50 - - [05/Mar/2018 22:16:59] "POST /get_stream_data HTTP/1.1" 200 -
INFO:werkzeug:10.0.0.50 - - [05/Mar/2018 22:17:00] "GET /get_all_streams HTTP/1.1" 200 -
DEBUG:root:get stream data
DEBUG:root:variables :
DEBUG:root:[]
DEBUG:root:True
DEBUG:root:False
DEBUG:root:update consumers
DEBUG:root:Current consumers :
DEBUG:root:{}
DEBUG:root:Streams to consume :
DEBUG:root:[]
DEBUG:root:Final consumers :
DEBUG:root:{}
INFO:werkzeug:10.0.0.50 - - [05/Mar/2018 22:17:01] "POST /get_stream_data HTTP/1.1" 200 -
DEBUG:root:get stream data
DEBUG:root:variables :
DEBUG:root:[]
DEBUG:root:True
DEBUG:root:False
DEBUG:root:update consumers
DEBUG:root:Current consumers :
DEBUG:root:{}
DEBUG:root:Streams to consume :
DEBUG:root:[]
DEBUG:root:Final consumers :
DEBUG:root:{}
INFO:werkzeug:10.0.0.50 - - [05/Mar/2018 22:17:03] "POST /get_stream_data HTTP/1.1" 200 -
DEBUG:root:get stream data
DEBUG:root:variables :
DEBUG:root:[]
DEBUG:root:True
DEBUG:root:False
DEBUG:root:update consumers
DEBUG:root:Current consumers :
DEBUG:root:{}
DEBUG:root:Streams to consume :
DEBUG:root:[]
DEBUG:root:Final consumers :
DEBUG:root:{}
INFO:werkzeug:10.0.0.50 - - [05/Mar/2018 22:17:05] "POST /get_stream_data HTTP/1.1" 200 -
INFO:werkzeug:10.0.0.50 - - [05/Mar/2018 22:17:05] "GET /get_all_streams HTTP/1.1" 200 -
