DEBUG:root:Port : 8004
DEBUG:root:Cluster name : global.mapr.com
DEBUG:root:update consumers
DEBUG:root:Current consumers :
DEBUG:root:{}
DEBUG:root:Streams to consume :
DEBUG:root:[]
DEBUG:root:Final consumers :
DEBUG:root:{}
DEBUG:root:get stream data
DEBUG:root:variables :
DEBUG:root:[]
DEBUG:root:True
DEBUG:root:True
DEBUG:root:update consumers
DEBUG:root:Current consumers :
DEBUG:root:{}
DEBUG:root:Streams to consume :
DEBUG:root:[]
DEBUG:root:Final consumers :
DEBUG:root:{}
INFO:werkzeug:10.0.0.50 - - [05/Mar/2018 22:18:53] "POST /get_stream_data HTTP/1.1" 200 -
INFO:werkzeug:10.0.0.50 - - [05/Mar/2018 22:18:55] "GET /get_all_streams HTTP/1.1" 200 -
DEBUG:root:get stream data
DEBUG:root:variables :
DEBUG:root:[]
DEBUG:root:True
DEBUG:root:True
DEBUG:root:update consumers
DEBUG:root:Current consumers :
DEBUG:root:{}
DEBUG:root:Streams to consume :
DEBUG:root:[]
DEBUG:root:Final consumers :
DEBUG:root:{}
INFO:werkzeug:10.0.0.50 - - [05/Mar/2018 22:18:56] "POST /get_stream_data HTTP/1.1" 200 -
DEBUG:root:get stream data
DEBUG:root:variables :
DEBUG:root:[]
DEBUG:root:True
DEBUG:root:True
DEBUG:root:update consumers
DEBUG:root:Current consumers :
DEBUG:root:{}
DEBUG:root:Streams to consume :
DEBUG:root:[]
DEBUG:root:Final consumers :
DEBUG:root:{}
INFO:werkzeug:10.0.0.50 - - [05/Mar/2018 22:18:59] "POST /get_stream_data HTTP/1.1" 200 -
INFO:werkzeug:10.0.0.50 - - [05/Mar/2018 22:19:01] "GET /get_all_streams HTTP/1.1" 200 -
INFO:werkzeug:10.0.0.50 - - [05/Mar/2018 22:19:02] "GET /get_events_count HTTP/1.1" 404 -
DEBUG:root:get stream data
DEBUG:root:variables :
DEBUG:root:[]
DEBUG:root:True
DEBUG:root:True
DEBUG:root:update consumers
DEBUG:root:Current consumers :
DEBUG:root:{}
DEBUG:root:Streams to consume :
DEBUG:root:[]
DEBUG:root:Final consumers :
DEBUG:root:{}
INFO:werkzeug:10.0.0.50 - - [05/Mar/2018 22:19:05] "POST /get_stream_data HTTP/1.1" 200 -
DEBUG:root:get stream data
DEBUG:root:variables :
DEBUG:root:[]
DEBUG:root:True
DEBUG:root:True
DEBUG:root:update consumers
DEBUG:root:Current consumers :
DEBUG:root:{}
DEBUG:root:Streams to consume :
DEBUG:root:[]
DEBUG:root:Final consumers :
DEBUG:root:{}
INFO:werkzeug:10.0.0.50 - - [05/Mar/2018 22:19:08] "POST /get_stream_data HTTP/1.1" 200 -
DEBUG:root:get stream data
DEBUG:root:variables :
DEBUG:root:[]
DEBUG:root:True
DEBUG:root:True
DEBUG:root:update consumers
DEBUG:root:Current consumers :
DEBUG:root:{}
DEBUG:root:Streams to consume :
DEBUG:root:[]
DEBUG:root:Final consumers :
DEBUG:root:{}
INFO:werkzeug:10.0.0.50 - - [05/Mar/2018 22:19:11] "POST /get_stream_data HTTP/1.1" 200 -
DEBUG:root:get stream data
DEBUG:root:variables :
DEBUG:root:[]
DEBUG:root:True
DEBUG:root:True
DEBUG:root:update consumers
DEBUG:root:Current consumers :
DEBUG:root:{}
DEBUG:root:Streams to consume :
DEBUG:root:[]
DEBUG:root:Final consumers :
DEBUG:root:{}
INFO:werkzeug:10.0.0.50 - - [05/Mar/2018 22:19:14] "POST /get_stream_data HTTP/1.1" 200 -
DEBUG:root:get stream data
DEBUG:root:variables :
DEBUG:root:[]
DEBUG:root:True
DEBUG:root:True
DEBUG:root:update consumers
DEBUG:root:Current consumers :
DEBUG:root:{}
DEBUG:root:Streams to consume :
DEBUG:root:[]
DEBUG:root:Final consumers :
DEBUG:root:{}
INFO:werkzeug:10.0.0.50 - - [05/Mar/2018 22:19:20] "POST /get_stream_data HTTP/1.1" 200 -
DEBUG:root:get stream data
DEBUG:root:variables :
DEBUG:root:[]
DEBUG:root:True
DEBUG:root:True
DEBUG:root:update consumers
DEBUG:root:Current consumers :
DEBUG:root:{}
DEBUG:root:Streams to consume :
DEBUG:root:[]
DEBUG:root:Final consumers :
DEBUG:root:{}
INFO:werkzeug:10.0.0.50 - - [05/Mar/2018 22:19:26] "POST /get_stream_data HTTP/1.1" 200 -
INFO:werkzeug:10.0.0.50 - - [05/Mar/2018 22:19:30] "GET /get_all_streams HTTP/1.1" 200 -
INFO:werkzeug:10.0.0.50 - - [05/Mar/2018 22:19:31] "GET /get_all_streams HTTP/1.1" 200 -
INFO:werkzeug:10.0.0.50 - - [05/Mar/2018 22:19:31] "GET /get_events_count HTTP/1.1" 404 -
INFO:werkzeug:10.0.0.50 - - [05/Mar/2018 22:19:31] "GET /get_countries HTTP/1.1" 404 -
DEBUG:root:get stream data
DEBUG:root:variables :
DEBUG:root:[]
DEBUG:root:True
DEBUG:root:True
DEBUG:root:update consumers
DEBUG:root:Current consumers :
DEBUG:root:{}
DEBUG:root:Streams to consume :
DEBUG:root:[]
DEBUG:root:Final consumers :
DEBUG:root:{}
INFO:werkzeug:10.0.0.50 - - [05/Mar/2018 22:19:33] "POST /get_stream_data HTTP/1.1" 200 -
DEBUG:root:get stream data
DEBUG:root:variables :
DEBUG:root:[]
DEBUG:root:True
DEBUG:root:True
DEBUG:root:update consumers
DEBUG:root:Current consumers :
DEBUG:root:{}
DEBUG:root:Streams to consume :
DEBUG:root:[]
DEBUG:root:Final consumers :
DEBUG:root:{}
INFO:werkzeug:10.0.0.50 - - [05/Mar/2018 22:19:35] "POST /get_stream_data HTTP/1.1" 200 -
INFO:werkzeug:10.0.0.50 - - [05/Mar/2018 22:19:36] "POST /deploy_new_country HTTP/1.1" 404 -
DEBUG:root:get stream data
DEBUG:root:variables :
DEBUG:root:[]
DEBUG:root:True
DEBUG:root:True
DEBUG:root:update consumers
DEBUG:root:Current consumers :
DEBUG:root:{}
DEBUG:root:Streams to consume :
DEBUG:root:[]
DEBUG:root:Final consumers :
DEBUG:root:{}
INFO:werkzeug:10.0.0.50 - - [05/Mar/2018 22:19:39] "POST /get_stream_data HTTP/1.1" 200 -
INFO:werkzeug:10.0.0.50 - - [05/Mar/2018 22:19:41] "GET /get_all_streams HTTP/1.1" 200 -
DEBUG:root:get stream data
DEBUG:root:variables :
DEBUG:root:[]
DEBUG:root:True
DEBUG:root:True
DEBUG:root:update consumers
DEBUG:root:Current consumers :
DEBUG:root:{}
DEBUG:root:Streams to consume :
DEBUG:root:[]
DEBUG:root:Final consumers :
DEBUG:root:{}
INFO:werkzeug:10.0.0.50 - - [05/Mar/2018 22:19:41] "POST /get_stream_data HTTP/1.1" 200 -
DEBUG:root:get stream data
DEBUG:root:variables :
DEBUG:root:[]
DEBUG:root:True
DEBUG:root:True
DEBUG:root:update consumers
DEBUG:root:Current consumers :
DEBUG:root:{}
DEBUG:root:Streams to consume :
DEBUG:root:[]
DEBUG:root:Final consumers :
DEBUG:root:{}
INFO:werkzeug:10.0.0.50 - - [05/Mar/2018 22:19:45] "POST /get_stream_data HTTP/1.1" 200 -
INFO:werkzeug:10.0.0.50 - - [05/Mar/2018 22:19:46] "GET /get_all_streams HTTP/1.1" 200 -
DEBUG:root:get stream data
DEBUG:root:variables :
DEBUG:root:[]
DEBUG:root:True
DEBUG:root:True
DEBUG:root:update consumers
DEBUG:root:Current consumers :
DEBUG:root:{}
DEBUG:root:Streams to consume :
DEBUG:root:[]
DEBUG:root:Final consumers :
DEBUG:root:{}
INFO:werkzeug:10.0.0.50 - - [05/Mar/2018 22:19:47] "POST /get_stream_data HTTP/1.1" 200 -
DEBUG:root:get stream data
DEBUG:root:variables :
DEBUG:root:[]
DEBUG:root:True
DEBUG:root:True
DEBUG:root:update consumers
DEBUG:root:Current consumers :
DEBUG:root:{}
DEBUG:root:Streams to consume :
DEBUG:root:[]
DEBUG:root:Final consumers :
DEBUG:root:{}
INFO:werkzeug:10.0.0.50 - - [05/Mar/2018 22:19:49] "POST /get_stream_data HTTP/1.1" 200 -
INFO:werkzeug:10.0.0.50 - - [05/Mar/2018 22:19:51] "GET /get_all_streams HTTP/1.1" 200 -
DEBUG:root:get stream data
DEBUG:root:variables :
DEBUG:root:[]
DEBUG:root:True
DEBUG:root:True
DEBUG:root:update consumers
DEBUG:root:Current consumers :
DEBUG:root:{}
DEBUG:root:Streams to consume :
DEBUG:root:[]
DEBUG:root:Final consumers :
DEBUG:root:{}
INFO:werkzeug:10.0.0.50 - - [05/Mar/2018 22:19:51] "POST /get_stream_data HTTP/1.1" 200 -
